Log file open, 11/08/22 06:03:22
LogWindows: Failed to load 'aqProf.dll' (GetLastError=126)
LogWindows: File 'aqProf.dll' does not exist
LogWindows: Failed to load 'VtuneApi.dll' (GetLastError=126)
LogWindows: File 'VtuneApi.dll' does not exist
LogWindows: Failed to load 'VtuneApi32e.dll' (GetLastError=126)
LogWindows: File 'VtuneApi32e.dll' does not exist
LogConsoleResponse: Display: Failed to find resolution value strings in scalability ini. Falling back to default.
LogConsoleResponse: Display: Failed to find resolution value strings in scalability ini. Falling back to default.
LogInit: Display: Running engine for game: Inspect
LogPlatformFile: Not using cached read wrapper
LogTaskGraph: Started task graph with 5 named threads and 23 total threads with 3 sets of task threads.
LogStats: Stats thread started at 0.410143
LogICUInternationalization: ICU TimeZone Detection - Raw Offset: +1:00, Platform Override: ''
LogInit: Display: Loading text-based GConfig....
Message dialog closed, result: Yes, title: Missing Plugin, text: This project requires the 'FMODStudio' plugin, which could not be found. Would you like to disable it and continue?

If you do, you will no longer be able to open any assets created with it. If not, the application will close.
LogPluginManager: Display: Disabled plugin 'FMODStudio', continuing.
LogPluginManager: Mounting plugin MegascansPlugin
LogPluginManager: Mounting plugin MeshPainting
LogPluginManager: Mounting plugin XGEController
LogPluginManager: Mounting plugin Paper2D
LogPluginManager: Mounting plugin LiveLink
LogPluginManager: Mounting plugin AISupport
LogPluginManager: Mounting plugin EnvironmentQueryEditor
LogPluginManager: Mounting plugin CameraShakePreviewer
LogPluginManager: Mounting plugin GameplayCameras
LogPluginManager: Mounting plugin LightPropagationVolume
LogPluginManager: Mounting plugin OodleData
LogPluginManager: Mounting plugin OodleNetwork
LogPluginManager: Mounting plugin AnimationSharing
LogPluginManager: Mounting plugin CLionSourceCodeAccess
LogPluginManager: Mounting plugin CodeLiteSourceCodeAccess
LogPluginManager: Mounting plugin KDevelopSourceCodeAccess
LogPluginManager: Mounting plugin GitSourceControl
LogPluginManager: Mounting plugin NullSourceCodeAccess
LogPluginManager: Mounting plugin PerforceSourceControl
LogPluginManager: Mounting plugin PixWinPlugin
LogPluginManager: Mounting plugin PlasticSourceControl
LogPluginManager: Mounting plugin PropertyAccessNode
LogPluginManager: Mounting plugin PluginUtils
LogPluginManager: Mounting plugin RiderSourceCodeAccess
LogPluginManager: Mounting plugin SubversionSourceControl
LogPluginManager: Mounting plugin TextureFormatOodle
LogPluginManager: Mounting plugin UObjectPlugin
LogPluginManager: Mounting plugin VisualStudioCodeSourceCodeAccess
LogPluginManager: Mounting plugin XCodeSourceCodeAccess
LogPluginManager: Mounting plugin VisualStudioSourceCodeAccess
LogPluginManager: Mounting plugin AssetManagerEditor
LogPluginManager: Mounting plugin CurveEditorTools
LogPluginManager: Mounting plugin CryptoKeys
LogPluginManager: Mounting plugin DataValidation
LogPluginManager: Mounting plugin EditorScriptingUtilities
LogPluginManager: Mounting plugin FacialAnimation
LogPluginManager: Mounting plugin GameplayTagsEditor
LogPluginManager: Mounting plugin GeometryMode
LogPluginManager: Mounting plugin MacGraphicsSwitching
LogPluginManager: Mounting plugin MaterialAnalyzer
LogPluginManager: Mounting plugin MobileLauncherProfileWizard
LogPluginManager: Mounting plugin PluginBrowser
LogPluginManager: Mounting plugin SpeedTreeImporter
LogPluginManager: Mounting plugin DatasmithContent
LogPluginManager: Mounting plugin VariantManagerContent
LogPluginManager: Mounting plugin Niagara
LogPluginManager: Mounting plugin AlembicImporter
LogPluginManager: Mounting plugin AutomationUtils
LogPluginManager: Mounting plugin BackChannel
LogPluginManager: Mounting plugin ChaosClothEditor
LogPluginManager: Mounting plugin ChaosCloth
LogPluginManager: Mounting plugin ChaosEditor
LogPluginManager: Mounting plugin ChaosNiagara
LogPluginManager: Mounting plugin CharacterAI
LogPluginManager: Mounting plugin ChaosSolverPlugin
LogPluginManager: Mounting plugin GeometryCache
LogPluginManager: Mounting plugin GeometryCollectionPlugin
LogPluginManager: Mounting plugin GeometryProcessing
LogPluginManager: Mounting plugin MotoSynth
LogPluginManager: Mounting plugin OpenImageDenoise
LogPluginManager: Mounting plugin PlanarCut
LogPluginManager: Mounting plugin PlatformCrypto
LogPluginManager: Mounting plugin ProxyLODPlugin
LogPluginManager: Mounting plugin PythonScriptPlugin
LogPluginManager: Mounting plugin SkeletalReduction
LogPluginManager: Mounting plugin LuminPlatformFeatures
LogPluginManager: Mounting plugin MagicLeap
LogPluginManager: Mounting plugin MagicLeapLightEstimation
LogPluginManager: Mounting plugin MagicLeapMedia
LogPluginManager: Mounting plugin MagicLeapPassableWorld
LogPluginManager: Mounting plugin MLSDK
LogPluginManager: Mounting plugin AndroidMedia
LogPluginManager: Mounting plugin AvfMedia
LogPluginManager: Mounting plugin ImgMedia
LogPluginManager: Mounting plugin MediaCompositing
LogPluginManager: Mounting plugin MediaPlayerEditor
LogPluginManager: Mounting plugin WmfMedia
LogPluginManager: Mounting plugin WebMMedia
LogPluginManager: Mounting plugin ActorSequence
LogPluginManager: Mounting plugin LevelSequenceEditor
LogPluginManager: Mounting plugin TcpMessaging
LogPluginManager: Mounting plugin MatineeToLevelSequence
LogPluginManager: Mounting plugin UdpMessaging
LogPluginManager: Mounting plugin TemplateSequence
LogPluginManager: Mounting plugin OnlineSubsystem
LogPluginManager: Mounting plugin OnlineSubsystemNull
LogPluginManager: Mounting plugin LauncherChunkInstaller
LogPluginManager: Mounting plugin ActorLayerUtilities
LogPluginManager: Mounting plugin OnlineSubsystemUtils
LogPluginManager: Mounting plugin AndroidDeviceProfileSelector
LogPluginManager: Mounting plugin AndroidPermission
LogPluginManager: Mounting plugin AndroidMoviePlayer
LogPluginManager: Mounting plugin AppleMoviePlayer
LogPluginManager: Mounting plugin AppleImageUtils
LogPluginManager: Mounting plugin ArchVisCharacter
LogPluginManager: Mounting plugin AssetTags
LogPluginManager: Mounting plugin AudioCapture
LogPluginManager: Mounting plugin CableComponent
LogPluginManager: Mounting plugin AudioSynesthesia
LogPluginManager: Mounting plugin ChunkDownloader
LogPluginManager: Mounting plugin CustomMeshComponent
LogPluginManager: Mounting plugin EditableMesh
LogPluginManager: Mounting plugin ExampleDeviceProfileSelector
LogPluginManager: Mounting plugin GoogleCloudMessaging
LogPluginManager: Mounting plugin GooglePAD
LogPluginManager: Mounting plugin IOSDeviceProfileSelector
LogPluginManager: Mounting plugin LinuxDeviceProfileSelector
LogPluginManager: Mounting plugin LocationServicesBPLibrary
LogPluginManager: Mounting plugin MobilePatchingUtils
LogPluginManager: Mounting plugin OpenXR
LogPluginManager: Mounting plugin OpenXRHandTracking
LogPluginManager: Mounting plugin OpenXREyeTracker
LogPluginManager: Mounting plugin PhysXVehicles
LogPluginManager: Mounting plugin PostSplashScreen
LogPluginManager: Mounting plugin ProceduralMeshComponent
LogPluginManager: Mounting plugin PropertyAccessEditor
LogPluginManager: Mounting plugin RuntimePhysXCooking
LogPluginManager: Mounting plugin SignificanceManager
LogPluginManager: Mounting plugin SoundFields
LogPluginManager: Mounting plugin Synthesis
LogPluginManager: Mounting plugin WebMMoviePlayer
LogPluginManager: Mounting plugin WindowsMoviePlayer
LogPluginManager: Mounting plugin ScreenshotTools
LogPluginManager: Mounting plugin Takes
LogPluginManager: Mounting plugin ContentBrowserAssetDataSource
LogPluginManager: Mounting plugin ContentBrowserFileDataSource
LogPluginManager: Mounting plugin ContentBrowserClassDataSource
LogPluginManager: Mounting plugin OnlineSubsystemIOS
LogPluginManager: Mounting plugin OnlineSubsystemGooglePlay
LogPluginManager: Mounting plugin DatabaseSupport
LogPluginManager: Mounting plugin SQLiteSupport
LogPluginManager: Mounting plugin SQLiteCore
LogPluginManager: Mounting plugin OculusVR
LogPluginManager: Mounting plugin SteamVR
PixWinPlugin: PIX capture plugin failed to initialize! Check that the process is launched from PIX.
LogInit: Using libcurl 7.55.1-DEV
LogInit:  - built for x86_64-pc-win32
LogInit:  - supports SSL with OpenSSL/1.1.1
LogInit:  - supports HTTP deflate (compression) using libz 1.2.8
LogInit:  - other features:
LogInit:      CURL_VERSION_SSL
LogInit:      CURL_VERSION_LIBZ
LogInit:      CURL_VERSION_IPV6
LogInit:      CURL_VERSION_ASYNCHDNS
LogInit:      CURL_VERSION_LARGEFILE
LogInit:      CURL_VERSION_IDN
LogInit:  CurlRequestOptions (configurable via config and command line):
LogInit:  - bVerifyPeer = true  - Libcurl will verify peer certificate
LogInit:  - bUseHttpProxy = false  - Libcurl will NOT use HTTP proxy
LogInit:  - bDontReuseConnections = false  - Libcurl will reuse connections
LogInit:  - MaxHostConnections = 16  - Libcurl will limit the number of connections to a host
LogInit:  - LocalHostAddr = Default
LogInit:  - BufferSize = 65536
LogOnline: OSS: Creating online subsystem instance for: NULL
LogInit: WinSock: version 1.1 (2.2), MaxSocks=32767, MaxUdp=65467
LogOnline: OSS: TryLoadSubsystemAndSetDefault: Loaded subsystem for module [NULL]
LogOculusPluginWrapper: OculusPlugin initialized successfully
LogHMD: Failed initializing OVRPlugin 1.59.0
LogInit: Build: ++UE4+Release-4.27-CL-18319896
LogInit: Engine Version: 4.27.2-18319896+++UE4+Release-4.27
LogInit: Compatible Engine Version: 4.27.0-17155196+++UE4+Release-4.27
LogInit: Net CL: 17155196
LogInit: OS: Windows 10 (Release 2009) (), CPU: Intel(R) Xeon(R) CPU E5-2667 v3 @ 3.20GHz, GPU: NVIDIA Quadro RTX 4000
LogInit: Compiled (64-bit): Nov 30 2021 07:12:08
LogInit: Compiled with Visual C++: 19.24.28315.00
LogInit: Build Configuration: Development
LogInit: Branch Name: ++UE4+Release-4.27
LogInit: Command Line: 
LogInit: Base Directory: D:/Unreal/UE_4.27/Engine/Binaries/Win64/
LogInit: Allocator: TBB
LogInit: Installed Engine Build: 1
LogDevObjectVersion: Number of dev versions registered: 29
LogDevObjectVersion:   Dev-Blueprints (B0D832E4-1F89-4F0D-ACCF-7EB736FD4AA2): 10
LogDevObjectVersion:   Dev-Build (E1C64328-A22C-4D53-A36C-8E866417BD8C): 0
LogDevObjectVersion:   Dev-Core (375EC13C-06E4-48FB-B500-84F0262A717E): 4
LogDevObjectVersion:   Dev-Editor (E4B068ED-F494-42E9-A231-DA0B2E46BB41): 40
LogDevObjectVersion:   Dev-Framework (CFFC743F-43B0-4480-9391-14DF171D2073): 37
LogDevObjectVersion:   Dev-Mobile (B02B49B5-BB20-44E9-A304-32B752E40360): 3
LogDevObjectVersion:   Dev-Networking (A4E4105C-59A1-49B5-A7C5-40C4547EDFEE): 0
LogDevObjectVersion:   Dev-Online (39C831C9-5AE6-47DC-9A44-9C173E1C8E7C): 0
LogDevObjectVersion:   Dev-Physics (78F01B33-EBEA-4F98-B9B4-84EACCB95AA2): 14
LogDevObjectVersion:   Dev-Platform (6631380F-2D4D-43E0-8009-CF276956A95A): 0
LogDevObjectVersion:   Dev-Rendering (12F88B9F-8875-4AFC-A67C-D90C383ABD29): 45
LogDevObjectVersion:   Dev-Sequencer (7B5AE74C-D270-4C10-A958-57980B212A5A): 13
LogDevObjectVersion:   Dev-VR (D7296918-1DD6-4BDD-9DE2-64A83CC13884): 3
LogDevObjectVersion:   Dev-LoadTimes (C2A15278-BFE7-4AFE-6C17-90FF531DF755): 1
LogDevObjectVersion:   Private-Geometry (6EACA3D4-40EC-4CC1-B786-8BED09428FC5): 3
LogDevObjectVersion:   Dev-AnimPhys (29E575DD-E0A3-4627-9D10-D276232CDCEA): 17
LogDevObjectVersion:   Dev-Anim (AF43A65D-7FD3-4947-9873-3E8ED9C1BB05): 15
LogDevObjectVersion:   Dev-ReflectionCapture (6B266CEC-1EC7-4B8F-A30B-E4D90942FC07): 1
LogDevObjectVersion:   Dev-Automation (0DF73D61-A23F-47EA-B727-89E90C41499A): 1
LogDevObjectVersion:   FortniteMain (601D1886-AC64-4F84-AA16-D3DE0DEAC7D6): 47
LogDevObjectVersion:   FortniteRelease (E7086368-6B23-4C58-8439-1B7016265E91): 1
LogDevObjectVersion:   Dev-Enterprise (9DFFBCD6-494F-0158-E221-12823C92A888): 10
LogDevObjectVersion:   Dev-Niagara (F2AED0AC-9AFE-416F-8664-AA7FFA26D6FC): 1
LogDevObjectVersion:   Dev-Destruction (174F1F0B-B4C6-45A5-B13F-2EE8D0FB917D): 10
LogDevObjectVersion:   Dev-Physics-Ext (35F94A83-E258-406C-A318-09F59610247C): 41
LogDevObjectVersion:   Dev-PhysicsMaterial-Chaos (B68FC16E-8B1B-42E2-B453-215C058844FE): 1
LogDevObjectVersion:   Dev-CineCamera (B2E18506-4273-CFC2-A54E-F4BB758BBA07): 1
LogDevObjectVersion:   Dev-VirtualProduction (64F58936-FD1B-42BA-BA96-7289D5D0FA4E): 1
LogDevObjectVersion:   Dev-MediaFramework (6F0ED827-A609-4895-9C91-998D90180EA4): 2
LogInit: Presizing for max 25165824 objects, including 0 objects not considered by GC, pre-allocating 0 bytes for permanent pool.
LogConfig: Applying CVar settings from Section [/Script/Engine.StreamingSettings] File [D:/Repository/NEWGAME/NEWGAME/Inspect/Saved/Config/Windows/Engine.ini]
LogConfig: Setting CVar [[s.MinBulkDataSizeForAsyncLoading:131072]]
LogConfig: Setting CVar [[s.AsyncLoadingThreadEnabled:0]]
LogConfig: Setting CVar [[s.EventDrivenLoaderEnabled:1]]
LogConfig: Setting CVar [[s.WarnIfTimeLimitExceeded:0]]
LogConfig: Setting CVar [[s.TimeLimitExceededMultiplier:1.5]]
LogConfig: Setting CVar [[s.TimeLimitExceededMinTime:0.005]]
LogConfig: Setting CVar [[s.UseBackgroundLevelStreaming:1]]
LogConfig: Setting CVar [[s.PriorityAsyncLoadingExtraTime:15.0]]
LogConfig: Setting CVar [[s.LevelStreamingActorsUpdateTimeLimit:5.0]]
LogConfig: Setting CVar [[s.PriorityLevelStreamingActorsUpdateExtraTime:5.0]]
LogConfig: Setting CVar [[s.LevelStreamingComponentsRegistrationGranularity:10]]
LogConfig: Setting CVar [[s.UnregisterComponentsTimeLimit:1.0]]
LogConfig: Setting CVar [[s.LevelStreamingComponentsUnregistrationGranularity:5]]
LogConfig: Setting CVar [[s.FlushStreamingOnExit:1]]
LogInit: Object subsystem initialized
LogConfig: Setting CVar [[con.DebugEarlyDefault:1]]
LogConfig: Setting CVar [[r.setres:1280x720]]
[2022.11.08-05.04.06:723][  0]LogConfig: Setting CVar [[r.VSync:0]]
[2022.11.08-05.04.06:723][  0]LogConfig: Setting CVar [[r.RHICmdBypass:0]]
[2022.11.08-05.04.06:723][  0]LogConfig: Applying CVar settings from Section [/Script/Engine.RendererSettings] File [D:/Repository/NEWGAME/NEWGAME/Inspect/Saved/Config/Windows/Engine.ini]
[2022.11.08-05.04.06:723][  0]LogConfig: Setting CVar [[r.GPUCrashDebugging:0]]
[2022.11.08-05.04.06:723][  0]LogConfig: Setting CVar [[r.DefaultFeature.AmbientOcclusion:0]]
[2022.11.08-05.04.06:723][  0]LogConfig: Setting CVar [[r.DefaultFeature.AmbientOcclusionStaticFraction:0]]
[2022.11.08-05.04.06:723][  0]LogConfig: Setting CVar [[r.DefaultFeature.Bloom:1]]
[2022.11.08-05.04.06:723][  0]LogConfig: Setting CVar [[r.DefaultFeature.AutoExposure:0]]
[2022.11.08-05.04.06:723][  0]LogConfig: Setting CVar [[r.DefaultFeature.MotionBlur:0]]
[2022.11.08-05.04.06:723][  0]LogConfig: Applying CVar settings from Section [/Script/Engine.RendererOverrideSettings] File [D:/Repository/NEWGAME/NEWGAME/Inspect/Saved/Config/Windows/Engine.ini]
[2022.11.08-05.04.06:723][  0]LogConfig: Applying CVar settings from Section [/Script/Engine.StreamingSettings] File [D:/Repository/NEWGAME/NEWGAME/Inspect/Saved/Config/Windows/Engine.ini]
[2022.11.08-05.04.06:723][  0]LogConfig: Setting CVar [[s.MinBulkDataSizeForAsyncLoading:131072]]
[2022.11.08-05.04.06:723][  0]LogConfig: Setting CVar [[s.AsyncLoadingThreadEnabled:0]]
[2022.11.08-05.04.06:723][  0]LogConfig: Setting CVar [[s.EventDrivenLoaderEnabled:1]]
[2022.11.08-05.04.06:723][  0]LogConfig: Setting CVar [[s.WarnIfTimeLimitExceeded:0]]
[2022.11.08-05.04.06:723][  0]LogConfig: Setting CVar [[s.TimeLimitExceededMultiplier:1.5]]
[2022.11.08-05.04.06:723][  0]LogConfig: Setting CVar [[s.TimeLimitExceededMinTime:0.005]]
[2022.11.08-05.04.06:723][  0]LogConfig: Setting CVar [[s.UseBackgroundLevelStreaming:1]]
[2022.11.08-05.04.06:723][  0]LogConfig: Setting CVar [[s.PriorityAsyncLoadingExtraTime:15.0]]
[2022.11.08-05.04.06:723][  0]LogConfig: Setting CVar [[s.LevelStreamingActorsUpdateTimeLimit:5.0]]
[2022.11.08-05.04.06:723][  0]LogConfig: Setting CVar [[s.PriorityLevelStreamingActorsUpdateExtraTime:5.0]]
[2022.11.08-05.04.06:723][  0]LogConfig: Setting CVar [[s.LevelStreamingComponentsRegistrationGranularity:10]]
[2022.11.08-05.04.06:723][  0]LogConfig: Setting CVar [[s.UnregisterComponentsTimeLimit:1.0]]
[2022.11.08-05.04.06:723][  0]LogConfig: Setting CVar [[s.LevelStreamingComponentsUnregistrationGranularity:5]]
[2022.11.08-05.04.06:723][  0]LogConfig: Setting CVar [[s.FlushStreamingOnExit:1]]
[2022.11.08-05.04.06:723][  0]LogConfig: Applying CVar settings from Section [/Script/Engine.GarbageCollectionSettings] File [D:/Repository/NEWGAME/NEWGAME/Inspect/Saved/Config/Windows/Engine.ini]
[2022.11.08-05.04.06:723][  0]LogConfig: Setting CVar [[gc.MaxObjectsNotConsideredByGC:1]]
[2022.11.08-05.04.06:724][  0]LogConfig: Setting CVar [[gc.SizeOfPermanentObjectPool:0]]
[2022.11.08-05.04.06:724][  0]LogConfig: Setting CVar [[gc.FlushStreamingOnGC:0]]
[2022.11.08-05.04.06:724][  0]LogConfig: Setting CVar [[gc.NumRetriesBeforeForcingGC:10]]
[2022.11.08-05.04.06:724][  0]LogConfig: Setting CVar [[gc.AllowParallelGC:1]]
[2022.11.08-05.04.06:724][  0]LogConfig: Setting CVar [[gc.TimeBetweenPurgingPendingKillObjects:61.1]]
[2022.11.08-05.04.06:724][  0]LogConfig: Setting CVar [[gc.MaxObjectsInEditor:25165824]]
[2022.11.08-05.04.06:724][  0]LogConfig: Setting CVar [[gc.IncrementalBeginDestroyEnabled:1]]
[2022.11.08-05.04.06:724][  0]LogConfig: Setting CVar [[gc.CreateGCClusters:1]]
[2022.11.08-05.04.06:724][  0]LogConfig: Setting CVar [[gc.MinGCClusterSize:5]]
[2022.11.08-05.04.06:724][  0]LogConfig: Setting CVar [[gc.ActorClusteringEnabled:0]]
[2022.11.08-05.04.06:724][  0]LogConfig: Setting CVar [[gc.BlueprintClusteringEnabled:0]]
[2022.11.08-05.04.06:724][  0]LogConfig: Setting CVar [[gc.UseDisregardForGCOnDedicatedServers:0]]
[2022.11.08-05.04.06:724][  0]LogConfig: Setting CVar [[gc.MultithreadedDestructionEnabled:1]]
[2022.11.08-05.04.06:724][  0]LogConfig: Applying CVar settings from Section [/Script/Engine.NetworkSettings] File [D:/Repository/NEWGAME/NEWGAME/Inspect/Saved/Config/Windows/Engine.ini]
[2022.11.08-05.04.06:724][  0]LogConfig: Applying CVar settings from Section [/Script/UnrealEd.CookerSettings] File [D:/Repository/NEWGAME/NEWGAME/Inspect/Saved/Config/Windows/Engine.ini]
[2022.11.08-05.04.06:741][  0]LogConfig: Applying CVar settings from Section [ViewDistanceQuality@3] File [D:/Repository/NEWGAME/NEWGAME/Inspect/Saved/Config/Windows/Scalability.ini]
[2022.11.08-05.04.06:741][  0]LogConfig: Setting CVar [[r.SkeletalMeshLODBias:0]]
[2022.11.08-05.04.06:741][  0]LogConfig: Setting CVar [[r.ViewDistanceScale:1.0]]
[2022.11.08-05.04.06:741][  0]LogConfig: Applying CVar settings from Section [AntiAliasingQuality@3] File [D:/Repository/NEWGAME/NEWGAME/Inspect/Saved/Config/Windows/Scalability.ini]
[2022.11.08-05.04.06:741][  0]LogConfig: Setting CVar [[r.PostProcessAAQuality:4]]
[2022.11.08-05.04.06:741][  0]LogConfig: Applying CVar settings from Section [ShadowQuality@3] File [D:/Repository/NEWGAME/NEWGAME/Inspect/Saved/Config/Windows/Scalability.ini]
[2022.11.08-05.04.06:741][  0]LogConfig: Setting CVar [[r.LightFunctionQuality:1]]
[2022.11.08-05.04.06:741][  0]LogConfig: Setting CVar [[r.ShadowQuality:5]]
[2022.11.08-05.04.06:741][  0]LogConfig: Setting CVar [[r.Shadow.CSM.MaxCascades:10]]
[2022.11.08-05.04.06:741][  0]LogConfig: Setting CVar [[r.Shadow.MaxResolution:2048]]
[2022.11.08-05.04.06:741][  0]LogConfig: Setting CVar [[r.Shadow.MaxCSMResolution:2048]]
[2022.11.08-05.04.06:741][  0]LogConfig: Setting CVar [[r.Shadow.RadiusThreshold:0.01]]
[2022.11.08-05.04.06:741][  0]LogConfig: Setting CVar [[r.Shadow.DistanceScale:1.0]]
[2022.11.08-05.04.06:741][  0]LogConfig: Setting CVar [[r.Shadow.CSM.TransitionScale:1.0]]
[2022.11.08-05.04.06:741][  0]LogConfig: Setting CVar [[r.Shadow.PreShadowResolutionFactor:1.0]]
[2022.11.08-05.04.06:741][  0]LogConfig: Setting CVar [[r.DistanceFieldShadowing:1]]
[2022.11.08-05.04.06:741][  0]LogConfig: Setting CVar [[r.DistanceFieldAO:1]]
[2022.11.08-05.04.06:741][  0]LogConfig: Setting CVar [[r.AOQuality:2]]
[2022.11.08-05.04.06:741][  0]LogConfig: Setting CVar [[r.VolumetricFog:1]]
[2022.11.08-05.04.06:741][  0]LogConfig: Setting CVar [[r.VolumetricFog.GridPixelSize:8]]
[2022.11.08-05.04.06:741][  0]LogConfig: Setting CVar [[r.VolumetricFog.GridSizeZ:128]]
[2022.11.08-05.04.06:741][  0]LogConfig: Setting CVar [[r.VolumetricFog.HistoryMissSupersampleCount:4]]
[2022.11.08-05.04.06:741][  0]LogConfig: Setting CVar [[r.LightMaxDrawDistanceScale:1]]
[2022.11.08-05.04.06:741][  0]LogConfig: Setting CVar [[r.CapsuleShadows:1]]
[2022.11.08-05.04.06:741][  0]LogConfig: Applying CVar settings from Section [PostProcessQuality@3] File [D:/Repository/NEWGAME/NEWGAME/Inspect/Saved/Config/Windows/Scalability.ini]
[2022.11.08-05.04.06:741][  0]LogConfig: Setting CVar [[r.MotionBlurQuality:4]]
[2022.11.08-05.04.06:741][  0]LogConfig: Setting CVar [[r.AmbientOcclusionMipLevelFactor:0.4]]
[2022.11.08-05.04.06:741][  0]LogConfig: Setting CVar [[r.AmbientOcclusionMaxQuality:100]]
[2022.11.08-05.04.06:741][  0]LogConfig: Setting CVar [[r.AmbientOcclusionLevels:-1]]
[2022.11.08-05.04.06:741][  0]LogConfig: Setting CVar [[r.AmbientOcclusionRadiusScale:1.0]]
[2022.11.08-05.04.06:741][  0]LogConfig: Setting CVar [[r.DepthOfFieldQuality:2]]
[2022.11.08-05.04.06:741][  0]LogConfig: Setting CVar [[r.RenderTargetPoolMin:400]]
[2022.11.08-05.04.06:741][  0]LogConfig: Setting CVar [[r.LensFlareQuality:2]]
[2022.11.08-05.04.06:741][  0]LogConfig: Setting CVar [[r.SceneColorFringeQuality:1]]
[2022.11.08-05.04.06:741][  0]LogConfig: Setting CVar [[r.EyeAdaptationQuality:2]]
[2022.11.08-05.04.06:741][  0]LogConfig: Setting CVar [[r.BloomQuality:5]]
[2022.11.08-05.04.06:741][  0]LogConfig: Setting CVar [[r.FastBlurThreshold:100]]
[2022.11.08-05.04.06:741][  0]LogConfig: Setting CVar [[r.Upscale.Quality:3]]
[2022.11.08-05.04.06:741][  0]LogConfig: Setting CVar [[r.Tonemapper.GrainQuantization:1]]
[2022.11.08-05.04.06:741][  0]LogConfig: Setting CVar [[r.LightShaftQuality:1]]
[2022.11.08-05.04.06:741][  0]LogConfig: Setting CVar [[r.Filter.SizeScale:1]]
[2022.11.08-05.04.06:741][  0]LogConfig: Setting CVar [[r.Tonemapper.Quality:5]]
[2022.11.08-05.04.06:741][  0]LogConfig: Setting CVar [[r.DOF.Gather.AccumulatorQuality:1        ; higher gathering accumulator quality]]
[2022.11.08-05.04.06:741][  0]LogConfig: Setting CVar [[r.DOF.Gather.PostfilterMethod:1          ; Median3x3 postfilering method]]
[2022.11.08-05.04.06:741][  0]LogConfig: Setting CVar [[r.DOF.Gather.EnableBokehSettings:0       ; no bokeh simulation when gathering]]
[2022.11.08-05.04.06:741][  0]LogConfig: Setting CVar [[r.DOF.Gather.RingCount:4                 ; medium number of samples when gathering]]
[2022.11.08-05.04.06:741][  0]LogConfig: Setting CVar [[r.DOF.Scatter.ForegroundCompositing:1    ; additive foreground scattering]]
[2022.11.08-05.04.06:741][  0]LogConfig: Setting CVar [[r.DOF.Scatter.BackgroundCompositing:2    ; additive background scattering]]
[2022.11.08-05.04.06:741][  0]LogConfig: Setting CVar [[r.DOF.Scatter.EnableBokehSettings:1      ; bokeh simulation when scattering]]
[2022.11.08-05.04.06:741][  0]LogConfig: Setting CVar [[r.DOF.Scatter.MaxSpriteRatio:0.1         ; only a maximum of 10% of scattered bokeh]]
[2022.11.08-05.04.06:741][  0]LogConfig: Setting CVar [[r.DOF.Recombine.Quality:1                ; cheap slight out of focus]]
[2022.11.08-05.04.06:741][  0]LogConfig: Setting CVar [[r.DOF.Recombine.EnableBokehSettings:0    ; no bokeh simulation on slight out of focus]]
[2022.11.08-05.04.06:741][  0]LogConfig: Setting CVar [[r.DOF.TemporalAAQuality:1                ; more stable temporal accumulation]]
[2022.11.08-05.04.06:741][  0]LogConfig: Setting CVar [[r.DOF.Kernel.MaxForegroundRadius:0.025]]
[2022.11.08-05.04.06:741][  0]LogConfig: Setting CVar [[r.DOF.Kernel.MaxBackgroundRadius:0.025]]
[2022.11.08-05.04.06:741][  0]LogConfig: Applying CVar settings from Section [TextureQuality@3] File [D:/Repository/NEWGAME/NEWGAME/Inspect/Saved/Config/Windows/Scalability.ini]
[2022.11.08-05.04.06:741][  0]LogConfig: Setting CVar [[r.Streaming.MipBias:0]]
[2022.11.08-05.04.06:741][  0]LogConfig: Setting CVar [[r.Streaming.AmortizeCPUToGPUCopy:0]]
[2022.11.08-05.04.06:742][  0]LogConfig: Setting CVar [[r.Streaming.MaxNumTexturesToStreamPerFrame:0]]
[2022.11.08-05.04.06:742][  0]LogConfig: Setting CVar [[r.Streaming.Boost:1]]
[2022.11.08-05.04.06:742][  0]LogConfig: Setting CVar [[r.MaxAnisotropy:8]]
[2022.11.08-05.04.06:742][  0]LogConfig: Setting CVar [[r.VT.MaxAnisotropy:8]]
[2022.11.08-05.04.06:742][  0]LogConfig: Setting CVar [[r.Streaming.LimitPoolSizeToVRAM:0]]
[2022.11.08-05.04.06:742][  0]LogConfig: Setting CVar [[r.Streaming.PoolSize:1000]]
[2022.11.08-05.04.06:742][  0]LogConfig: Setting CVar [[r.Streaming.MaxEffectiveScreenSize:0]]
[2022.11.08-05.04.06:742][  0]LogConfig: Applying CVar settings from Section [EffectsQuality@3] File [D:/Repository/NEWGAME/NEWGAME/Inspect/Saved/Config/Windows/Scalability.ini]
[2022.11.08-05.04.06:742][  0]LogConfig: Setting CVar [[r.TranslucencyLightingVolumeDim:64]]
[2022.11.08-05.04.06:742][  0]LogConfig: Setting CVar [[r.RefractionQuality:2]]
[2022.11.08-05.04.06:742][  0]LogConfig: Setting CVar [[r.SSR.Quality:3]]
[2022.11.08-05.04.06:742][  0]LogConfig: Setting CVar [[r.SSR.HalfResSceneColor:0]]
[2022.11.08-05.04.06:742][  0]LogConfig: Setting CVar [[r.SceneColorFormat:4]]
[2022.11.08-05.04.06:742][  0]LogConfig: Setting CVar [[r.DetailMode:2]]
[2022.11.08-05.04.06:742][  0]LogConfig: Setting CVar [[r.TranslucencyVolumeBlur:1]]
[2022.11.08-05.04.06:742][  0]LogConfig: Setting CVar [[r.MaterialQualityLevel:1 ; High quality]]
[2022.11.08-05.04.06:742][  0]LogConfig: Setting CVar [[r.AnisotropicMaterials:1]]
[2022.11.08-05.04.06:742][  0]LogConfig: Setting CVar [[r.SSS.Scale:1]]
[2022.11.08-05.04.06:742][  0]LogConfig: Setting CVar [[r.SSS.SampleSet:2]]
[2022.11.08-05.04.06:742][  0]LogConfig: Setting CVar [[r.SSS.Quality:1]]
[2022.11.08-05.04.06:742][  0]LogConfig: Setting CVar [[r.SSS.HalfRes:0]]
[2022.11.08-05.04.06:742][  0]LogConfig: Setting CVar [[r.SSGI.Quality:3]]
[2022.11.08-05.04.06:742][  0]LogConfig: Setting CVar [[r.EmitterSpawnRateScale:1.0]]
[2022.11.08-05.04.06:742][  0]LogConfig: Setting CVar [[r.ParticleLightQuality:2]]
[2022.11.08-05.04.06:742][  0]LogConfig: Setting CVar [[r.SkyAtmosphere.AerialPerspectiveLUT.FastApplyOnOpaque:1 ; Always have FastSkyLUT 1 in this case to avoid wrong sky]]
[2022.11.08-05.04.06:742][  0]LogConfig: Setting CVar [[r.SkyAtmosphere.AerialPerspectiveLUT.SampleCountMaxPerSlice:4]]
[2022.11.08-05.04.06:742][  0]LogConfig: Setting CVar [[r.SkyAtmosphere.AerialPerspectiveLUT.DepthResolution:16.0]]
[2022.11.08-05.04.06:742][  0]LogConfig: Setting CVar [[r.SkyAtmosphere.FastSkyLUT:1]]
[2022.11.08-05.04.06:742][  0]LogConfig: Setting CVar [[r.SkyAtmosphere.FastSkyLUT.SampleCountMin:4.0]]
[2022.11.08-05.04.06:742][  0]LogConfig: Setting CVar [[r.SkyAtmosphere.FastSkyLUT.SampleCountMax:128.0]]
[2022.11.08-05.04.06:742][  0]LogConfig: Setting CVar [[r.SkyAtmosphere.SampleCountMin:4.0]]
[2022.11.08-05.04.06:742][  0]LogConfig: Setting CVar [[r.SkyAtmosphere.SampleCountMax:128.0]]
[2022.11.08-05.04.06:742][  0]LogConfig: Setting CVar [[r.SkyAtmosphere.TransmittanceLUT.UseSmallFormat:0]]
[2022.11.08-05.04.06:742][  0]LogConfig: Setting CVar [[r.SkyAtmosphere.TransmittanceLUT.SampleCount:10.0]]
[2022.11.08-05.04.06:742][  0]LogConfig: Setting CVar [[r.SkyAtmosphere.MultiScatteringLUT.SampleCount:15.0]]
[2022.11.08-05.04.06:742][  0]LogConfig: Setting CVar [[r.SkyLight.RealTimeReflectionCapture:1]]
[2022.11.08-05.04.06:742][  0]LogConfig: Applying CVar settings from Section [FoliageQuality@3] File [D:/Repository/NEWGAME/NEWGAME/Inspect/Saved/Config/Windows/Scalability.ini]
[2022.11.08-05.04.06:742][  0]LogConfig: Setting CVar [[foliage.DensityScale:1.0]]
[2022.11.08-05.04.06:742][  0]LogConfig: Setting CVar [[grass.DensityScale:1.0]]
[2022.11.08-05.04.06:742][  0]LogConfig: Applying CVar settings from Section [ShadingQuality@3] File [D:/Repository/NEWGAME/NEWGAME/Inspect/Saved/Config/Windows/Scalability.ini]
[2022.11.08-05.04.06:742][  0]LogConfig: Setting CVar [[r.HairStrands.SkyLighting.IntegrationType:2]]
[2022.11.08-05.04.06:742][  0]LogConfig: Setting CVar [[r.HairStrands.SkyAO.SampleCount:4]]
[2022.11.08-05.04.06:742][  0]LogConfig: Setting CVar [[r.HairStrands.Visibility.MSAA.SamplePerPixel:4]]
[2022.11.08-05.04.06:742][  0]LogInit: Selected Device Profile: [Windows]
[2022.11.08-05.04.06:742][  0]LogInit: Applying CVar settings loaded from the selected device profile: [Windows]
[2022.11.08-05.04.06:742][  0]LogHAL: Display: Platform has ~ 12 GB [12883820544 / 17179869184 / 12], which maps to Larger [LargestMinGB=32, LargerMinGB=12, DefaultMinGB=8, SmallerMinGB=6, SmallestMinGB=0)
[2022.11.08-05.04.06:742][  0]LogInit: Going up to parent DeviceProfile []
[2022.11.08-05.04.06:742][  0]LogConfig: Applying CVar settings from Section [ViewDistanceQuality@2] File [D:/Repository/NEWGAME/NEWGAME/Inspect/Saved/Config/Windows/Scalability.ini]
[2022.11.08-05.04.06:742][  0]LogConfig: Setting CVar [[r.SkeletalMeshLODBias:0]]
[2022.11.08-05.04.06:742][  0]LogConfig: Setting CVar [[r.ViewDistanceScale:0.8]]
[2022.11.08-05.04.06:742][  0]LogConfig: Applying CVar settings from Section [AntiAliasingQuality@2] File [D:/Repository/NEWGAME/NEWGAME/Inspect/Saved/Config/Windows/Scalability.ini]
[2022.11.08-05.04.06:742][  0]LogConfig: Setting CVar [[r.PostProcessAAQuality:3]]
[2022.11.08-05.04.06:742][  0]LogConfig: Applying CVar settings from Section [ShadowQuality@2] File [D:/Repository/NEWGAME/NEWGAME/Inspect/Saved/Config/Windows/Scalability.ini]
[2022.11.08-05.04.06:743][  0]LogConfig: Setting CVar [[r.LightFunctionQuality:1]]
[2022.11.08-05.04.06:743][  0]LogConfig: Setting CVar [[r.ShadowQuality:5]]
[2022.11.08-05.04.06:743][  0]LogConfig: Setting CVar [[r.Shadow.CSM.MaxCascades:4]]
[2022.11.08-05.04.06:743][  0]LogConfig: Setting CVar [[r.Shadow.MaxResolution:1024]]
[2022.11.08-05.04.06:743][  0]LogConfig: Setting CVar [[r.Shadow.MaxCSMResolution:2048]]
[2022.11.08-05.04.06:743][  0]LogConfig: Setting CVar [[r.Shadow.RadiusThreshold:0.04]]
[2022.11.08-05.04.06:743][  0]LogConfig: Setting CVar [[r.Shadow.DistanceScale:0.85]]
[2022.11.08-05.04.06:743][  0]LogConfig: Setting CVar [[r.Shadow.CSM.TransitionScale:0.8]]
[2022.11.08-05.04.06:743][  0]LogConfig: Setting CVar [[r.Shadow.PreShadowResolutionFactor:0.5]]
[2022.11.08-05.04.06:743][  0]LogConfig: Setting CVar [[r.DistanceFieldShadowing:1]]
[2022.11.08-05.04.06:743][  0]LogConfig: Setting CVar [[r.DistanceFieldAO:1]]
[2022.11.08-05.04.06:743][  0]LogConfig: Setting CVar [[r.AOQuality:1]]
[2022.11.08-05.04.06:743][  0]LogConfig: Setting CVar [[r.VolumetricFog:1]]
[2022.11.08-05.04.06:743][  0]LogConfig: Setting CVar [[r.VolumetricFog.GridPixelSize:16]]
[2022.11.08-05.04.06:743][  0]LogConfig: Setting CVar [[r.VolumetricFog.GridSizeZ:64]]
[2022.11.08-05.04.06:743][  0]LogConfig: Setting CVar [[r.VolumetricFog.HistoryMissSupersampleCount:4]]
[2022.11.08-05.04.06:743][  0]LogConfig: Setting CVar [[r.LightMaxDrawDistanceScale:1]]
[2022.11.08-05.04.06:743][  0]LogConfig: Setting CVar [[r.CapsuleShadows:1]]
[2022.11.08-05.04.06:743][  0]LogConfig: Applying CVar settings from Section [PostProcessQuality@2] File [D:/Repository/NEWGAME/NEWGAME/Inspect/Saved/Config/Windows/Scalability.ini]
[2022.11.08-05.04.06:743][  0]LogConfig: Setting CVar [[r.MotionBlurQuality:3]]
[2022.11.08-05.04.06:743][  0]LogConfig: Setting CVar [[r.AmbientOcclusionMipLevelFactor:0.6]]
[2022.11.08-05.04.06:743][  0]LogConfig: Setting CVar [[r.AmbientOcclusionMaxQuality:100]]
[2022.11.08-05.04.06:743][  0]LogConfig: Setting CVar [[r.AmbientOcclusionLevels:-1]]
[2022.11.08-05.04.06:743][  0]LogConfig: Setting CVar [[r.AmbientOcclusionRadiusScale:1.5]]
[2022.11.08-05.04.06:743][  0]LogConfig: Setting CVar [[r.DepthOfFieldQuality:2]]
[2022.11.08-05.04.06:743][  0]LogConfig: Setting CVar [[r.RenderTargetPoolMin:400]]
[2022.11.08-05.04.06:743][  0]LogConfig: Setting CVar [[r.LensFlareQuality:2]]
[2022.11.08-05.04.06:743][  0]LogConfig: Setting CVar [[r.SceneColorFringeQuality:1]]
[2022.11.08-05.04.06:743][  0]LogConfig: Setting CVar [[r.EyeAdaptationQuality:2]]
[2022.11.08-05.04.06:743][  0]LogConfig: Setting CVar [[r.BloomQuality:5]]
[2022.11.08-05.04.06:743][  0]LogConfig: Setting CVar [[r.FastBlurThreshold:3]]
[2022.11.08-05.04.06:743][  0]LogConfig: Setting CVar [[r.Upscale.Quality:2]]
[2022.11.08-05.04.06:743][  0]LogConfig: Setting CVar [[r.Tonemapper.GrainQuantization:1]]
[2022.11.08-05.04.06:743][  0]LogConfig: Setting CVar [[r.LightShaftQuality:1]]
[2022.11.08-05.04.06:743][  0]LogConfig: Setting CVar [[r.Filter.SizeScale:0.8]]
[2022.11.08-05.04.06:743][  0]LogConfig: Setting CVar [[r.Tonemapper.Quality:5]]
[2022.11.08-05.04.06:743][  0]LogConfig: Setting CVar [[r.DOF.Gather.AccumulatorQuality:0        ; lower gathering accumulator quality]]
[2022.11.08-05.04.06:743][  0]LogConfig: Setting CVar [[r.DOF.Gather.PostfilterMethod:2          ; Max3x3 postfilering method]]
[2022.11.08-05.04.06:743][  0]LogConfig: Setting CVar [[r.DOF.Gather.EnableBokehSettings:0       ; no bokeh simulation when gathering]]
[2022.11.08-05.04.06:743][  0]LogConfig: Setting CVar [[r.DOF.Gather.RingCount:4                 ; medium number of samples when gathering]]
[2022.11.08-05.04.06:743][  0]LogConfig: Setting CVar [[r.DOF.Scatter.ForegroundCompositing:1    ; additive foreground scattering]]
[2022.11.08-05.04.06:743][  0]LogConfig: Setting CVar [[r.DOF.Scatter.BackgroundCompositing:1    ; no background occlusion]]
[2022.11.08-05.04.06:743][  0]LogConfig: Setting CVar [[r.DOF.Scatter.EnableBokehSettings:0      ; no bokeh simulation when scattering]]
[2022.11.08-05.04.06:743][  0]LogConfig: Setting CVar [[r.DOF.Scatter.MaxSpriteRatio:0.04        ; only a maximum of 4% of scattered bokeh]]
[2022.11.08-05.04.06:743][  0]LogConfig: Setting CVar [[r.DOF.Recombine.Quality:0                ; no slight out of focus]]
[2022.11.08-05.04.06:743][  0]LogConfig: Setting CVar [[r.DOF.TemporalAAQuality:0                ; faster temporal accumulation]]
[2022.11.08-05.04.06:743][  0]LogConfig: Setting CVar [[r.DOF.Kernel.MaxForegroundRadius:0.012   ; required because of AccumulatorQuality=0]]
[2022.11.08-05.04.06:743][  0]LogConfig: Setting CVar [[r.DOF.Kernel.MaxBackgroundRadius:0.012   ; required because of AccumulatorQuality=0]]
[2022.11.08-05.04.06:743][  0]LogConfig: Applying CVar settings from Section [TextureQuality@2] File [D:/Repository/NEWGAME/NEWGAME/Inspect/Saved/Config/Windows/Scalability.ini]
[2022.11.08-05.04.06:743][  0]LogConfig: Setting CVar [[r.Streaming.MipBias:0]]
[2022.11.08-05.04.06:743][  0]LogConfig: Setting CVar [[r.Streaming.AmortizeCPUToGPUCopy:0]]
[2022.11.08-05.04.06:743][  0]LogConfig: Setting CVar [[r.Streaming.MaxNumTexturesToStreamPerFrame:0]]
[2022.11.08-05.04.06:743][  0]LogConfig: Setting CVar [[r.Streaming.Boost:1]]
[2022.11.08-05.04.06:743][  0]LogConfig: Setting CVar [[r.MaxAnisotropy:4]]
[2022.11.08-05.04.06:743][  0]LogConfig: Setting CVar [[r.VT.MaxAnisotropy:8]]
[2022.11.08-05.04.06:743][  0]LogConfig: Setting CVar [[r.Streaming.LimitPoolSizeToVRAM:1]]
[2022.11.08-05.04.06:743][  0]LogConfig: Setting CVar [[r.Streaming.PoolSize:800]]
[2022.11.08-05.04.06:743][  0]LogConfig: Setting CVar [[r.Streaming.MaxEffectiveScreenSize:0]]
[2022.11.08-05.04.06:743][  0]LogConfig: Applying CVar settings from Section [EffectsQuality@2] File [D:/Repository/NEWGAME/NEWGAME/Inspect/Saved/Config/Windows/Scalability.ini]
[2022.11.08-05.04.06:743][  0]LogConfig: Setting CVar [[r.TranslucencyLightingVolumeDim:48]]
[2022.11.08-05.04.06:743][  0]LogConfig: Setting CVar [[r.RefractionQuality:2]]
[2022.11.08-05.04.06:743][  0]LogConfig: Setting CVar [[r.SSR.Quality:2]]
[2022.11.08-05.04.06:743][  0]LogConfig: Setting CVar [[r.SSR.HalfResSceneColor:1]]
[2022.11.08-05.04.06:743][  0]LogConfig: Setting CVar [[r.SceneColorFormat:3]]
[2022.11.08-05.04.06:744][  0]LogConfig: Setting CVar [[r.DetailMode:1]]
[2022.11.08-05.04.06:744][  0]LogConfig: Setting CVar [[r.TranslucencyVolumeBlur:1]]
[2022.11.08-05.04.06:744][  0]LogConfig: Setting CVar [[r.MaterialQualityLevel:1 ; High quality]]
[2022.11.08-05.04.06:744][  0]LogConfig: Setting CVar [[r.AnisotropicMaterials:1]]
[2022.11.08-05.04.06:744][  0]LogConfig: Setting CVar [[r.SSS.Scale:1]]
[2022.11.08-05.04.06:744][  0]LogConfig: Setting CVar [[r.SSS.SampleSet:1]]
[2022.11.08-05.04.06:744][  0]LogConfig: Setting CVar [[r.SSS.Quality:-1]]
[2022.11.08-05.04.06:744][  0]LogConfig: Setting CVar [[r.SSS.HalfRes:1]]
[2022.11.08-05.04.06:744][  0]LogConfig: Setting CVar [[r.SSGI.Quality:2]]
[2022.11.08-05.04.06:744][  0]LogConfig: Setting CVar [[r.EmitterSpawnRateScale:0.5]]
[2022.11.08-05.04.06:744][  0]LogConfig: Setting CVar [[r.ParticleLightQuality:1]]
[2022.11.08-05.04.06:744][  0]LogConfig: Setting CVar [[r.SkyAtmosphere.AerialPerspectiveLUT.FastApplyOnOpaque:1 ; Always have FastSkyLUT 1 in this case to avoid wrong sky]]
[2022.11.08-05.04.06:744][  0]LogConfig: Setting CVar [[r.SkyAtmosphere.AerialPerspectiveLUT.SampleCountMaxPerSlice:2]]
[2022.11.08-05.04.06:744][  0]LogConfig: Setting CVar [[r.SkyAtmosphere.AerialPerspectiveLUT.DepthResolution:16.0]]
[2022.11.08-05.04.06:744][  0]LogConfig: Setting CVar [[r.SkyAtmosphere.FastSkyLUT:1]]
[2022.11.08-05.04.06:744][  0]LogConfig: Setting CVar [[r.SkyAtmosphere.FastSkyLUT.SampleCountMin:4.0]]
[2022.11.08-05.04.06:744][  0]LogConfig: Setting CVar [[r.SkyAtmosphere.FastSkyLUT.SampleCountMax:64.0]]
[2022.11.08-05.04.06:744][  0]LogConfig: Setting CVar [[r.SkyAtmosphere.SampleCountMin:4.0]]
[2022.11.08-05.04.06:744][  0]LogConfig: Setting CVar [[r.SkyAtmosphere.SampleCountMax:64.0]]
[2022.11.08-05.04.06:744][  0]LogConfig: Setting CVar [[r.SkyAtmosphere.TransmittanceLUT.UseSmallFormat:0]]
[2022.11.08-05.04.06:744][  0]LogConfig: Setting CVar [[r.SkyAtmosphere.TransmittanceLUT.SampleCount:10.0]]
[2022.11.08-05.04.06:744][  0]LogConfig: Setting CVar [[r.SkyAtmosphere.MultiScatteringLUT.SampleCount:15.0]]
[2022.11.08-05.04.06:744][  0]LogConfig: Setting CVar [[r.SkyLight.RealTimeReflectionCapture:1]]
[2022.11.08-05.04.06:744][  0]LogConfig: Applying CVar settings from Section [FoliageQuality@2] File [D:/Repository/NEWGAME/NEWGAME/Inspect/Saved/Config/Windows/Scalability.ini]
[2022.11.08-05.04.06:744][  0]LogConfig: Setting CVar [[foliage.DensityScale:0.8]]
[2022.11.08-05.04.06:744][  0]LogConfig: Setting CVar [[grass.DensityScale:0.8]]
[2022.11.08-05.04.06:744][  0]LogConfig: Applying CVar settings from Section [ShadingQuality@2] File [D:/Repository/NEWGAME/NEWGAME/Inspect/Saved/Config/Windows/Scalability.ini]
[2022.11.08-05.04.06:744][  0]LogConfig: Setting CVar [[r.HairStrands.SkyLighting.IntegrationType:2]]
[2022.11.08-05.04.06:744][  0]LogConfig: Setting CVar [[r.HairStrands.SkyAO.SampleCount:4]]
[2022.11.08-05.04.06:744][  0]LogConfig: Setting CVar [[r.HairStrands.Visibility.MSAA.SamplePerPixel:4]]
[2022.11.08-05.04.06:744][  0]LogConfig: Applying CVar settings from Section [Startup] File [../../../Engine/Config/ConsoleVariables.ini]
[2022.11.08-05.04.06:745][  0]LogConfig: Setting CVar [[net.UseAdaptiveNetUpdateFrequency:0]]
[2022.11.08-05.04.06:745][  0]LogConfig: Setting CVar [[p.chaos.AllowCreatePhysxBodies:1]]
[2022.11.08-05.04.06:745][  0]LogConfig: Setting CVar [[fx.SkipVectorVMBackendOptimizations:1]]
[2022.11.08-05.04.06:745][  0]LogConfig: Applying CVar settings from Section [ConsoleVariables] File [D:/Repository/NEWGAME/NEWGAME/Inspect/Saved/Config/Windows/Engine.ini]
[2022.11.08-05.04.06:745][  0]LogConfig: Applying CVar settings from Section [ConsoleVariables] File [D:/Repository/NEWGAME/NEWGAME/Inspect/Saved/Config/Windows/Editor.ini]
[2022.11.08-05.04.06:745][  0]LogInit: Computer: SHADOW-68PD065L
[2022.11.08-05.04.06:745][  0]LogInit: User: Shadow
[2022.11.08-05.04.06:745][  0]LogInit: CPU Page size=4096, Cores=4
[2022.11.08-05.04.06:745][  0]LogInit: High frequency timer resolution =10.000000 MHz
[2022.11.08-05.04.06:745][  0]LogMemory: Memory total: Physical=12.0GB (12GB approx)
[2022.11.08-05.04.06:745][  0]LogMemory: Platform Memory Stats for Windows
[2022.11.08-05.04.06:745][  0]LogMemory: Process Physical Memory: 144.72 MB used, 144.72 MB peak
[2022.11.08-05.04.06:745][  0]LogMemory: Process Virtual Memory: 110.64 MB used, 110.64 MB peak
[2022.11.08-05.04.06:745][  0]LogMemory: Physical Memory: 4390.52 MB used,  7896.45 MB free, 12286.97 MB total
[2022.11.08-05.04.06:745][  0]LogMemory: Virtual Memory: 134202320.00 MB used,  15411.02 MB free, 134217728.00 MB total
[2022.11.08-05.04.06:755][  0]LogWindows: WindowsPlatformFeatures enabled
[2022.11.08-05.04.06:830][  0]LogInit: Physics initialised using underlying interface: PhysX
[2022.11.08-05.04.06:837][  0]LogInit: Using OS detected language (en-US).
[2022.11.08-05.04.06:837][  0]LogInit: Using OS detected locale (en-US).
[2022.11.08-05.04.06:840][  0]LogTextLocalizationManager: No specific localization for 'en-US' exists, so the 'en' localization will be used.
[2022.11.08-05.04.07:160][  0]LogInit: Setting process to per monitor DPI aware
[2022.11.08-05.04.07:176][  0]LogWindowsTextInputMethodSystem: Display: IME system deactivated.
[2022.11.08-05.04.07:199][  0]LogSlate: New Slate User Created.  User Index 0, Is Virtual User: 0
[2022.11.08-05.04.07:200][  0]LogSlate: Slate User Registered.  User Index 0, Is Virtual User: 0
[2022.11.08-05.04.07:695][  0]LogD3D11RHI: Loaded GFSDK_Aftermath_Lib.x64.dll
[2022.11.08-05.04.07:699][  0]LogHMD: Failed to initialize OpenVR with code 110
[2022.11.08-05.04.07:699][  0]LogD3D11RHI: D3D11 min allowed feature level: 11_0
[2022.11.08-05.04.07:699][  0]LogD3D11RHI: D3D11 max allowed feature level: 11_0
[2022.11.08-05.04.07:699][  0]LogD3D11RHI: D3D11 adapters:
[2022.11.08-05.04.07:870][  0]LogD3D11RHI:    0. 'NVIDIA Quadro RTX 4000' (Feature Level 11_0)
[2022.11.08-05.04.07:870][  0]LogD3D11RHI:       8019/0/6143 MB DedicatedVideo/DedicatedSystem/SharedSystem, Outputs:1, VendorId:0x10de
[2022.11.08-05.04.07:875][  0]LogD3D11RHI:    1. 'Microsoft Basic Render Driver' (Feature Level 11_0)
[2022.11.08-05.04.07:875][  0]LogD3D11RHI:       0/0/6143 MB DedicatedVideo/DedicatedSystem/SharedSystem, Outputs:0, VendorId:0x1414
[2022.11.08-05.04.07:875][  0]LogD3D11RHI: Chosen D3D11 Adapter:
[2022.11.08-05.04.07:875][  0]LogD3D11RHI:     Description : NVIDIA Quadro RTX 4000
[2022.11.08-05.04.07:875][  0]LogD3D11RHI:     VendorId    : 10de
[2022.11.08-05.04.07:875][  0]LogD3D11RHI:     DeviceId    : 1eb1
[2022.11.08-05.04.07:875][  0]LogD3D11RHI:     SubSysId    : 12a010de
[2022.11.08-05.04.07:875][  0]LogD3D11RHI:     Revision    : 00a1
[2022.11.08-05.04.07:875][  0]LogD3D11RHI:     DedicatedVideoMemory : 8408530944 bytes
[2022.11.08-05.04.07:875][  0]LogD3D11RHI:     DedicatedSystemMemory : 0 bytes
[2022.11.08-05.04.07:875][  0]LogD3D11RHI:     SharedSystemMemory : 6441910272 bytes
[2022.11.08-05.04.07:875][  0]LogD3D11RHI:     AdapterLuid : 0 536959
[2022.11.08-05.04.07:883][  0]LogD3D11RHI: Creating new Direct3DDevice
[2022.11.08-05.04.07:883][  0]LogD3D11RHI:     GPU DeviceId: 0x1eb1 (for the marketing name, search the web for "GPU Device Id")
[2022.11.08-05.04.07:883][  0]LogWindows: EnumDisplayDevices:
[2022.11.08-05.04.07:883][  0]LogWindows:    0. 'NVIDIA Quadro RTX 4000' (P:1 D:1)
[2022.11.08-05.04.07:883][  0]LogWindows:    1. 'NVIDIA Quadro RTX 4000' (P:0 D:0)
[2022.11.08-05.04.07:884][  0]LogWindows:    2. 'NVIDIA Quadro RTX 4000' (P:0 D:0)
[2022.11.08-05.04.07:884][  0]LogWindows:    3. 'NVIDIA Quadro RTX 4000' (P:0 D:0)
[2022.11.08-05.04.07:884][  0]LogWindows: DebugString: FoundDriverCount:4 
[2022.11.08-05.04.07:884][  0]LogD3D11RHI:     Adapter Name: NVIDIA Quadro RTX 4000
[2022.11.08-05.04.07:884][  0]LogD3D11RHI:   Driver Version: 516.94 (internal:31.0.15.1694, unified:516.94)
[2022.11.08-05.04.07:884][  0]LogD3D11RHI:      Driver Date: 7-21-2022
[2022.11.08-05.04.07:884][  0]LogRHI: Texture pool is 5613 MB (70% of 8019 MB)
[2022.11.08-05.04.07:884][  0]LogD3D11RHI: Creating D3DDevice using adapter:
[2022.11.08-05.04.07:884][  0]LogD3D11RHI:     Description : NVIDIA Quadro RTX 4000
[2022.11.08-05.04.07:884][  0]LogD3D11RHI:     VendorId    : 10de
[2022.11.08-05.04.07:884][  0]LogD3D11RHI:     DeviceId    : 1eb1
[2022.11.08-05.04.07:884][  0]LogD3D11RHI:     SubSysId    : 12a010de
[2022.11.08-05.04.07:884][  0]LogD3D11RHI:     Revision    : 00a1
[2022.11.08-05.04.07:884][  0]LogD3D11RHI:     DedicatedVideoMemory : 8408530944 bytes
[2022.11.08-05.04.07:884][  0]LogD3D11RHI:     DedicatedSystemMemory : 0 bytes
[2022.11.08-05.04.07:884][  0]LogD3D11RHI:     SharedSystemMemory : 6441910272 bytes
[2022.11.08-05.04.07:884][  0]LogD3D11RHI:     AdapterLuid : 0 536959
[2022.11.08-05.04.07:997][  0]LogD3D11RHI: RHI has support for 64 bit atomics
[2022.11.08-05.04.07:998][  0]LogD3D11RHI: Async texture creation enabled
[2022.11.08-05.04.07:998][  0]LogD3D11RHI: Array index from any shader is supported
[2022.11.08-05.04.08:021][  0]LogD3D11RHI: GPU Timing Frequency: 1000.000000 (Debug: 2 1)
[2022.11.08-05.04.08:098][  0]LogRHI: GeForceNow SDK initialized: 1
[2022.11.08-05.04.08:617][  0]LogTargetPlatformManager: Display: Loaded TargetPlatform 'AllDesktop'
[2022.11.08-05.04.08:650][  0]LogTargetPlatformManager: Display: Loaded TargetPlatform 'Android'
[2022.11.08-05.04.08:650][  0]LogTargetPlatformManager: Display: Loaded TargetPlatform 'Android_ASTC'
[2022.11.08-05.04.08:650][  0]LogTargetPlatformManager: Display: Loaded TargetPlatform 'Android_DXT'
[2022.11.08-05.04.08:650][  0]LogTargetPlatformManager: Display: Loaded TargetPlatform 'Android_ETC2'
[2022.11.08-05.04.08:650][  0]LogTargetPlatformManager: Display: Loaded TargetPlatform 'AndroidClient'
[2022.11.08-05.04.08:650][  0]LogTargetPlatformManager: Display: Loaded TargetPlatform 'Android_ASTCClient'
[2022.11.08-05.04.08:650][  0]LogTargetPlatformManager: Display: Loaded TargetPlatform 'Android_DXTClient'
[2022.11.08-05.04.08:650][  0]LogTargetPlatformManager: Display: Loaded TargetPlatform 'Android_ETC2Client'
[2022.11.08-05.04.08:650][  0]LogTargetPlatformManager: Display: Loaded TargetPlatform 'Android_Multi'
[2022.11.08-05.04.08:650][  0]LogTargetPlatformManager: Display: Loaded TargetPlatform 'Android_MultiClient'
[2022.11.08-05.04.08:679][  0]LogTargetPlatformManager: Display: Loaded TargetPlatform 'IOSClient'
[2022.11.08-05.04.08:679][  0]LogTargetPlatformManager: Display: Loaded TargetPlatform 'IOS'
[2022.11.08-05.04.08:695][  0]LogTargetPlatformManager: Display: Loaded TargetPlatform 'Linux'
[2022.11.08-05.04.08:703][  0]LogTargetPlatformManager: Display: Loaded TargetPlatform 'LinuxNoEditor'
[2022.11.08-05.04.08:710][  0]LogTargetPlatformManager: Display: Loaded TargetPlatform 'LinuxClient'
[2022.11.08-05.04.08:717][  0]LogTargetPlatformManager: Display: Loaded TargetPlatform 'LinuxServer'
[2022.11.08-05.04.08:732][  0]LogTargetPlatformManager: Display: Loaded TargetPlatform 'LinuxAArch64NoEditor'
[2022.11.08-05.04.08:739][  0]LogTargetPlatformManager: Display: Loaded TargetPlatform 'LinuxAArch64Client'
[2022.11.08-05.04.08:746][  0]LogTargetPlatformManager: Display: Loaded TargetPlatform 'LinuxAArch64Server'
[2022.11.08-05.04.08:784][  0]LogTargetPlatformManager: Display: Loaded TargetPlatform 'Lumin'
[2022.11.08-05.04.08:784][  0]LogTargetPlatformManager: Display: Loaded TargetPlatform 'LuminClient'
[2022.11.08-05.04.08:798][  0]LogTargetPlatformManager: Display: Loaded TargetPlatform 'MacNoEditor'
[2022.11.08-05.04.08:805][  0]LogTargetPlatformManager: Display: Loaded TargetPlatform 'Mac'
[2022.11.08-05.04.08:812][  0]LogTargetPlatformManager: Display: Loaded TargetPlatform 'MacClient'
[2022.11.08-05.04.08:822][  0]LogTargetPlatformManager: Display: Loaded TargetPlatform 'MacServer'
[2022.11.08-05.04.08:839][  0]LogTargetPlatformManager: Display: Loaded TargetPlatform 'TVOSClient'
[2022.11.08-05.04.08:839][  0]LogTargetPlatformManager: Display: Loaded TargetPlatform 'TVOS'
[2022.11.08-05.04.08:853][  0]LogTargetPlatformManager: Display: Loaded TargetPlatform 'WindowsNoEditor'
[2022.11.08-05.04.08:861][  0]LogTargetPlatformManager: Display: Loaded TargetPlatform 'Windows'
[2022.11.08-05.04.08:869][  0]LogTargetPlatformManager: Display: Loaded TargetPlatform 'WindowsClient'
[2022.11.08-05.04.08:876][  0]LogTargetPlatformManager: Display: Loaded TargetPlatform 'WindowsServer'
[2022.11.08-05.04.08:876][  0]LogTargetPlatformManager: Display: Building Assets For Windows
[2022.11.08-05.04.08:891][  0]LogAudioDebug: Display: Lib vorbis DLL was dynamically loaded.
[2022.11.08-05.04.08:949][  0]LogTextureFormatOodle: Display: Oodle Texture 2.9.0 init RDO Off
[2022.11.08-05.04.09:007][  0]LogRendererCore: Ray tracing is disabled. Reason: r.RayTracing=0.
[2022.11.08-05.04.09:007][  0]LogShaderCompilers: Guid format shader working directory is -3 characters bigger than the processId version (../../../../../Repository/NEWGAME/NEWGAME/Inspect/Intermediate/Shaders/WorkingDirectory/10100/).
[2022.11.08-05.04.09:008][  0]LogShaderCompilers: Cleaned the shader compiler working directory 'C:/Users/Shadow/AppData/Local/Temp/UnrealShaderWorkingDir/CD4D174F46C84C54127FC3A670878F0F/'.
[2022.11.08-05.04.09:008][  0]LogXGEController: Cannot use XGE Controller as Incredibuild is not installed on this machine.
[2022.11.08-05.04.09:009][  0]LogShaderCompilers: Cannot use XGE Shader Compiler as Incredibuild is not installed on this machine.
[2022.11.08-05.04.09:009][  0]LogShaderCompilers: Display: Using Local Shader Compiler.
[2022.11.08-05.04.10:046][  0]LogDerivedDataCache: Display: Max Cache Size: 512 MB
[2022.11.08-05.04.10:154][  0]LogDerivedDataCache: Loaded boot cache 0.11s 94MB C:/Users/Shadow/AppData/Local/UnrealEngine/4.27/DerivedDataCache/Boot.ddc.
[2022.11.08-05.04.10:154][  0]LogDerivedDataCache: Display: Loaded Boot cache: C:/Users/Shadow/AppData/Local/UnrealEngine/4.27/DerivedDataCache/Boot.ddc
[2022.11.08-05.04.10:154][  0]LogDerivedDataCache: FDerivedDataBackendGraph:  Pak pak cache file ../../../../../Repository/NEWGAME/NEWGAME/Inspect/DerivedDataCache/DDC.ddp not found, will not use a pak cache.
[2022.11.08-05.04.10:154][  0]LogDerivedDataCache: Unable to find inner node Pak for hierarchical cache Hierarchy.
[2022.11.08-05.04.10:155][  0]LogDerivedDataCache: FDerivedDataBackendGraph:  CompressedPak pak cache file ../../../../../Repository/NEWGAME/NEWGAME/Inspect/DerivedDataCache/Compressed.ddp not found, will not use a pak cache.
[2022.11.08-05.04.10:155][  0]LogDerivedDataCache: Unable to find inner node CompressedPak for hierarchical cache Hierarchy.
[2022.11.08-05.04.10:175][  0]LogDerivedDataCache: Display: Pak cache opened for reading ../../../Engine/DerivedDataCache/Compressed.ddp.
[2022.11.08-05.04.10:175][  0]LogDerivedDataCache: FDerivedDataBackendGraph:  EnterprisePak pak cache file ../../../Enterprise/DerivedDataCache/Compressed.ddp not found, will not use a pak cache.
[2022.11.08-05.04.10:175][  0]LogDerivedDataCache: Unable to find inner node EnterprisePak for hierarchical cache Hierarchy.
[2022.11.08-05.04.10:198][  0]LogDerivedDataCache: Speed tests for C:/Users/Shadow/AppData/Local/UnrealEngine/Common/DerivedDataCache took 0.02 seconds
[2022.11.08-05.04.10:198][  0]LogDerivedDataCache: Display: Performance to C:/Users/Shadow/AppData/Local/UnrealEngine/Common/DerivedDataCache: Latency=0.28ms. RandomReadSpeed=224.92MBs, RandomWriteSpeed=61.84MBs. Assigned SpeedClass 'Local'
[2022.11.08-05.04.10:199][  0]LogDerivedDataCache: Using Local data cache path C:/Users/Shadow/AppData/Local/UnrealEngine/Common/DerivedDataCache: Writable
[2022.11.08-05.04.10:199][  0]LogDerivedDataCache: Shared data cache path not found in *engine.ini, will not use an Shared cache.
[2022.11.08-05.04.10:200][  0]LogDerivedDataCache: Unable to find inner node Shared for hierarchical cache Hierarchy.
[2022.11.08-05.04.10:265][  0]LogSlate: Using FreeType 2.10.0
[2022.11.08-05.04.10:266][  0]LogSlate: SlateFontServices - WITH_FREETYPE: 1, WITH_HARFBUZZ: 1
[2022.11.08-05.04.10:320][  0]LogAssetRegistry: FAssetRegistry took 0.0035 seconds to start up
[2022.11.08-05.04.10:698][  0]LogInit: Selected Device Profile: [Windows]
[2022.11.08-05.04.10:698][  0]LogInit: Active device profile: [00000184602E0D00][000001845EB657C0 49] Windows
[2022.11.08-05.04.10:698][  0]LogInit: Profiles: [00000184602E0D00][000001845EB657C0 49] Windows, [0000018460296300][0000018460F89940 49] WindowsNoEditor, [00000184602E1C00][0000018460F8DAC0 49] WindowsServer, [0000018460297100][0000018460F900C0 49] WindowsClient, [00000184602E2900][0000018460F94240 49] IOS, [0000018460295A00][00000184543123C0 49] iPadAir, [00000184602E3E00][0000018454316540 49] iPadAir2, [0000018460249100][000001845EB687C0 49] IPadPro, [0000018460249200][000001845431A800 49] iPadAir3, [0000018460294C00][000001845431E940 49] iPadAir4, [0000018460249E00][0000018454322A80 49] iPadMini2, [0000018460297300][0000018454326BC0 49] iPadMini3, [000001846024B900][000001845432ED40 49] iPadMini4, [0000018460295000][0000018454332EC0 49] iPadMini5, [0000018460264900][000001845433B180 49] iPhone6, [0000018460264A00][00000184543371C0 49] iPodTouch6, [00000184602E2E00][0000018454343480 49] iPhone7, [00000184602E2F00][000001845433F4C0 49] iPodTouch7, [000001846024BE00][0000018454347640 49] iPhone5S, [00000184602E0F00][000001845434B7C0 49] iPhone6Plus, [0000018460264100][000001845434F940 49] iPhone6S, [0000018460248300][0000018454353AC0 49] iPhone6SPlus, [0000018460266800][00000184543560C0 49] iPhone7Plus, [000001846024A400][000001845435A240 49] iPhoneSE, [0000018460266600][000001845435E3C0 49] iPhone8, [0000018460248400][0000018454362540 49] iPhone8Plus, [0000018460267100][00000184543666C0 49] iPhoneX, [00000184602E1400][000001845436A840 49] iPhoneXS, [0000018460266B00][000001845432A980 49] iPhoneXSMax, [00000184602E0700][000001845436EAC0 49] iPhoneXR, [0000018460264800][0000018454372C00 49] iPhone11, [00000184602E1100][0000018454376D40 49] iPhone11Pro, [0000018460265A00][000001845437EEC0 49] iPhone11ProMax, [00000184602E3700][0000018454383040 49] iPhoneSE2, [0000018460267800][00000184543871C0 49] iPhone12Mini, [00000184602E2300][000001845438B340 49] iPhone12, [0000018460267200][000001845438F4C0 49] iPhone12Pro, [00000184602E1300][0000018454393640 49] iPhone12ProMax, [0000018460265500][00000184543977C0 49] iPadPro105, [00000184602E0A00][000001845439B940 49] iPadPro129, [0000018460267D00][000001846112FAC0 49] iPadPro97, [00000184602E2A00][00000184611320C0 49] iPadPro2_129, [0000018460266900][0000018461136240 49] iPad5, [00000184602E1E00][000001846113A3C0 49] iPad6, [0000018460265300][000001846113E540 49] iPad7, [00000184602E0200][00000184611426C0 49] iPad8, [0000018460264400][0000018461146840 49] iPadPro11, [00000184602E1A00][000001846114A9C0 49] iPadPro2_11, [0000018460265600][000001846114EB40 49] iPadPro3_129, [00000184602E2700][000001845437AC80 49] iPadPro4_129, [0000018460264200][0000018461152DC0 49] AppleTV, [00000184602E0900][0000018461156F00 49] AppleTV4K, [0000018460265D00][000001846115F080 49] TVOS, [00000184602E2D00][0000018461163200 49] Mac, [0000018460267600][0000018461167380 49] MacClient, [00000184602E3900][000001846116B500 49] MacNoEditor, [0000018460267500][000001846116F680 49] MacServer, [00000184602E1200][0000018461173800 49] Linux, [0000018460265C00][0000018461177980 49] LinuxAArch64, [00000184602E3C00][000001846117BB00 49] LinuxNoEditor, [0000018460266300][000001846117E100 49] LinuxAArch64NoEditor, [00000184602E1B00][0000018461182280 49] LinuxClient, [0000018460266500][0000018461186400 49] LinuxAArch64Client, [00000184602E0E00][000001846118A580 49] LinuxServer, [0000018460267900][000001846118E700 49] LinuxAArch64Server, [00000184602E3500][0000018461192880 49] Android, [0000018460265E00][0000018461196A00 49] Android_Low, [00000184602E1F00][000001846119AB80 49] Android_Mid, [0000018460266200][000001846119ED00 49] Android_High, [00000184602E3F00][000001846115AE40 49] Android_Default, [0000018460266000][00000184611A2F80 49] Android_Adreno4xx, [00000184602E3D00][00000184611A70C0 49] Android_Adreno5xx_Low, [0000018460266A00][00000184611AF240 49] Android_Adreno5xx, [00000184602E3800][00000184611B33C0 49] Android_Adreno6xx, [0000018460294500][00000184611B7540 49] Android_Adreno6xx_Vulkan, [0000018460249400][00000184611BB6C0 49] Android_Mali_T6xx, [0000018460295100][0000018461055840 49] Android_Mali_T7xx, [000001846024AD00][00000184610599C0 49] Android_Mali_T8xx, [0000018460296F00][000001846105DB40 49] Android_Mali_G71, [000001846024B400][0000018461060140 49] Android_Mali_G72, [0000018460295700][00000184610642C0 49] Android_Mali_G72_Vulkan, [0000018460249300][0000018461068440 49] Android_Mali_G76, [0000018460297A00][000001846106C5C0 49] Android_Mali_G76_Vulkan, [000001846024AC00][0000018461070740 49] Android_Mali_G77, [0000018460295500][00000184610748C0 49] Android_Mali_G77_Vulkan, [0000018460249800][0000018461078A40 49] Android_Mali_G78, [0000018460296200][000001846107CBC0 49] Android_Mali_G78_Vulkan, [000001846024BD00][0000018461080D40 49] Android_Mali_G710, [0000018460294300][0000018461084EC0 49] Android_Mali_G710_Vulkan, [0000018460248200][00000184611AB000 49] Android_Vulkan_SM5, [0000018460294800][0000018461089140 49] Android_PowerVR_G6xxx, [000001846024A500][0000018461095280 49] Android_PowerVR_GT7xxx, [0000018460294E00][00000184610993C0 49] Android_PowerVR_GE8xxx, [0000018460249500][00000184610C7540 49] Android_PowerVR_GM9xxx, [0000018460294D00][00000184610CF6C0 49] Android_PowerVR_GM9xxx_Vulkan, [0000018460249900][00000184610D7840 49] Android_TegraK1, [0000018460294600][00000184610EB9C0 49] Android_Unknown_Vulkan, [000001846024B800][00000184610EFB40 49] Lumin, [0000018460296600][00000184619D8140 49] Lumin_Desktop, [000001846024BB00][00000184619DC2C0 49] HoloLens, 
[2022.11.08-05.04.10:913][  0]LogMeshReduction: Using QuadricMeshReduction for automatic static mesh reduction
[2022.11.08-05.04.10:913][  0]LogMeshReduction: Using SimplygonMeshReduction for automatic skeletal mesh reduction
[2022.11.08-05.04.10:913][  0]LogMeshReduction: Using ProxyLODMeshReduction for automatic mesh merging
[2022.11.08-05.04.10:913][  0]LogMeshReduction: No distributed automatic mesh merging module available
[2022.11.08-05.04.10:913][  0]LogMeshMerging: No distributed automatic mesh merging module available
[2022.11.08-05.04.10:944][  0]LogNetVersion: Inspect 1.0.0, NetCL: 17155196, EngineNetVer: 17, GameNetVer: 0 (Checksum: 3557124718)
[2022.11.08-05.04.11:681][  0]LogTexture: Default maximum texture size for cubemaps generated from long-lat sources has been changed from 512 to unlimited. In order to preserve old behaiour for '/Engine/MapTemplates/Sky/DaylightAmbientCubemap.DaylightAmbientCubemap', its maximum texture size has been explicitly set to 512.
[2022.11.08-05.04.11:777][  0]LogHMD: PokeAHoleMaterial loaded successfully
[2022.11.08-05.04.11:785][  0]LogUObjectArray: 17178 objects as part of root set at end of initial load.
[2022.11.08-05.04.11:785][  0]LogUObjectAllocator: 4302048 out of 0 bytes used by permanent object pool.
[2022.11.08-05.04.11:785][  0]LogUObjectArray: CloseDisregardForGC: 0/0 objects in disregard for GC pool
[2022.11.08-05.04.12:278][  0]LogNiagaraDebuggerClient: Niagara Debugger Client Initialized | Session: 3A39B1FD4038DC110B9229BEAFC27C0E | Instance: 5AEB9550450831C2E8BC3F91EC830672 (SHADOW-68PD065L-10100).
[2022.11.08-05.04.12:333][  0]LogPython: Using Python 3.7.7
[2022.11.08-05.04.13:297][  0]LogTcpMessaging: Initializing TcpMessaging bridge
[2022.11.08-05.04.13:305][  0]LogUdpMessaging: Initializing bridge on interface 0.0.0.0:0 to multicast group 230.0.0.1:6666.
[2022.11.08-05.04.13:562][  0]SourceControl: Source control is disabled
[2022.11.08-05.04.13:562][  0]SourceControl: Source control is disabled
[2022.11.08-05.04.13:567][  0]SourceControl: Source control is disabled
[2022.11.08-05.04.13:573][  0]SourceControl: Source control is disabled
[2022.11.08-05.04.13:591][  0]SourceControl: Source control is disabled
[2022.11.08-05.04.13:604][  0]LogUProjectInfo: Found projects:
[2022.11.08-05.04.13:614][  0]LogVSAccessor: Display: Unable to create Visual Studio setup instance: 80040154
[2022.11.08-05.04.13:614][  0]LogVSAccessor: Display: Unable to create Visual Studio setup instance: 80040154
[2022.11.08-05.04.13:615][  0]LogVSAccessor: Display: Unable to create Visual Studio setup instance: 80040154
[2022.11.08-05.04.13:974][  0]LogOpenImageDenoise: OIDN starting up
[2022.11.08-05.04.14:053][  0]LogAndroidPermission: UAndroidPermissionCallbackProxy::GetInstance
[2022.11.08-05.04.14:094][  0]LogAudioCaptureCore: Display: No Audio Capture implementations found. Audio input will be silent.
[2022.11.08-05.04.14:094][  0]LogAudioCaptureCore: Display: No Audio Capture implementations found. Audio input will be silent.
[2022.11.08-05.04.14:316][  0]LogCollectionManager: Loaded 0 collections in 0.002109 seconds
[2022.11.08-05.04.14:367][  0]LogFileCache: Scanning file cache for directory 'D:/Repository/NEWGAME/NEWGAME/Inspect/Saved/Collections/' took 0.00s
[2022.11.08-05.04.14:367][  0]LogFileCache: Scanning file cache for directory 'D:/Repository/NEWGAME/NEWGAME/Inspect/Content/Developers/Shadow/Collections/' took 0.00s
[2022.11.08-05.04.14:367][  0]LogFileCache: Scanning file cache for directory 'D:/Repository/NEWGAME/NEWGAME/Inspect/Content/Collections/' took 0.00s
[2022.11.08-05.04.14:367][  0]LogOcInput: OculusInput pre-init called
[2022.11.08-05.04.15:564][  0]LogClass: Display: Int8Property FMTSJson::version is not initialized properly. Module:MegascansPlugin File:Private/Utilities/MTSReader.h
[2022.11.08-05.04.15:564][  0]LogClass: Display: Int16Property FMTSJson::resolutionValue is not initialized properly. Module:MegascansPlugin File:Private/Utilities/MTSReader.h
[2022.11.08-05.04.15:564][  0]LogClass: Display: BoolProperty FMTSJson::isExternal is not initialized properly. Module:MegascansPlugin File:Private/Utilities/MTSReader.h
[2022.11.08-05.04.15:564][  0]LogClass: Display: Int8Property FMTSJson::meshVersion is not initialized properly. Module:MegascansPlugin File:Private/Utilities/MTSReader.h
[2022.11.08-05.04.15:564][  0]LogClass: Display: BoolProperty FMTSJson::isCustom is not initialized properly. Module:MegascansPlugin File:Private/Utilities/MTSReader.h
[2022.11.08-05.04.15:564][  0]LogClass: Display: BoolProperty FMTSJson::isModularAsset is not initialized properly. Module:MegascansPlugin File:Private/Utilities/MTSReader.h
[2022.11.08-05.04.15:564][  0]LogClass: Display: Int8Property FLodList::variation is not initialized properly. Module:MegascansPlugin File:Private/Utilities/MTSReader.h
[2022.11.08-05.04.15:564][  0]LogClass: Display: Int16Property FMeshList::resolution is not initialized properly. Module:MegascansPlugin File:Private/Utilities/MTSReader.h
[2022.11.08-05.04.15:564][  0]LogClass: Display: Int16Property FComponents::resolution is not initialized properly. Module:MegascansPlugin File:Private/Utilities/MTSReader.h
[2022.11.08-05.04.15:564][  0]LogClass: Display: BoolProperty FTextureSets::isUdim is not initialized properly. Module:MegascansPlugin File:Private/Utilities/MTSReader.h
[2022.11.08-05.04.15:564][  0]LogClass: Display: BoolProperty FMeta::value is not initialized properly. Module:MegascansPlugin File:Private/Utilities/MTSReader.h
[2022.11.08-05.04.15:564][  0]LogClass: Display: 11 Uninitialized script struct members found including 0 object properties
[2022.11.08-05.04.15:567][  0]LogEngine: Initializing Engine...
[2022.11.08-05.04.15:571][  0]LogHMD: Failed to enumerate extensions. Please check that you have a valid OpenXR runtime installed.
[2022.11.08-05.04.15:572][  0]LogHMD: Failed to initialize OpenVR with code 110
[2022.11.08-05.04.15:572][  0]LogMagicLeap: Warning: VR disabled because ZI is not enabled.  To enable, in the editor, Edit -> Project Settings -> Plugins -> Magic Leap Plugin -> Enable Zero Iteration
[2022.11.08-05.04.15:573][  0]LogStats: UGameplayTagsManager::InitializeManager -  0.000 s
[2022.11.08-05.04.15:755][  0]LogInit: Initializing FReadOnlyCVARCache
[2022.11.08-05.04.15:767][  0]LogAIModule: Creating AISystem for world Untitled
[2022.11.08-05.04.15:779][  0]LogAudio: Display: Initializing Audio Device Manager...
[2022.11.08-05.04.15:785][  0]LogAudio: Display: Loading Default Audio Settings Objects...
[2022.11.08-05.04.15:787][  0]LogAudio: Display: No default SoundConcurrencyObject specified (or failed to load).
[2022.11.08-05.04.15:787][  0]LogAudio: Display: Audio Device Manager Initialized
[2022.11.08-05.04.15:787][  0]LogAudio: Display: Creating Audio Device:                 Id: 1, Scope: Shared, Realtime: True
[2022.11.08-05.04.15:787][  0]LogAudioMixer: Display: Audio Mixer Platform Settings:
[2022.11.08-05.04.15:788][  0]LogAudioMixer: Display: 	Sample Rate:						  48000
[2022.11.08-05.04.15:788][  0]LogAudioMixer: Display: 	Callback Buffer Frame Size Requested: 1024
[2022.11.08-05.04.15:788][  0]LogAudioMixer: Display: 	Callback Buffer Frame Size To Use:	  1024
[2022.11.08-05.04.15:788][  0]LogAudioMixer: Display: 	Number of buffers to queue:			  2
[2022.11.08-05.04.15:788][  0]LogAudioMixer: Display: 	Max Channels (voices):				  32
[2022.11.08-05.04.15:788][  0]LogAudioMixer: Display: 	Number of Async Source Workers:		  0
[2022.11.08-05.04.15:788][  0]LogAudio: Display: AudioDevice MaxSources: 32
[2022.11.08-05.04.15:788][  0]LogAudio: Display: Audio Spatialization Plugin: None (built-in).
[2022.11.08-05.04.15:788][  0]LogAudio: Display: Audio Reverb Plugin: None (built-in).
[2022.11.08-05.04.15:788][  0]LogAudio: Display: Audio Occlusion Plugin: None (built-in).
[2022.11.08-05.04.15:788][  0]LogAudioMixer: Display: Initializing audio mixer.
[2022.11.08-05.04.15:805][  0]LogAudioMixer: Display: 0: FrontLeft
[2022.11.08-05.04.15:805][  0]LogAudioMixer: Display: 1: FrontRight
[2022.11.08-05.04.15:839][  0]LogAudioMixer: Display: Using Audio Device BladeShadow (NVIDIA High Definition Audio)
[2022.11.08-05.04.15:842][  0]LogAudioMixer: Display: Initializing Sound Submixes...
[2022.11.08-05.04.15:848][  0]LogAudioMixer: Display: Creating Master Submix 'MasterSubmixDefault'
[2022.11.08-05.04.15:848][  0]LogAudioMixer: Display: Creating Master Submix 'MasterReverbSubmixDefault'
[2022.11.08-05.04.15:850][  0]LogAudioMixer: Display: Creating Master Submix 'MasterEQSubmixDefault'
[2022.11.08-05.04.15:850][  0]LogAudioMixer: FMixerPlatformXAudio2::StartAudioStream() called
[2022.11.08-05.04.15:850][  0]LogAudioMixer: Display: Output buffers initialized: Frames=1024, Channels=2, Samples=2048
[2022.11.08-05.04.15:851][  0]LogAudioMixer: Display: Starting AudioMixerPlatformInterface::RunInternal()
[2022.11.08-05.04.15:851][  0]LogAudioMixer: Display: FMixerPlatformXAudio2::SubmitBuffer() called for the first time
[2022.11.08-05.04.15:851][  0]LogInit: FAudioDevice initialized.
[2022.11.08-05.04.15:851][  0]LogAudio: Display: Audio Device (ID: 1) registered with world 'Untitled'.
[2022.11.08-05.04.15:851][  0]LogNetVersion: Set ProjectVersion to 1.0.0.0. Version Checksum will be recalculated on next use.
[2022.11.08-05.04.15:954][  0]LogDerivedDataCache: Saved boot cache 0.10s 94MB C:/Users/Shadow/AppData/Local/UnrealEngine/4.27/DerivedDataCache/Boot.ddc.
[2022.11.08-05.04.15:955][  0]LogInit: Texture streaming: Enabled
[2022.11.08-05.04.15:975][  0]LogAnalytics: Display: [UEEditor.Rocket.Release] APIServer = https://datarouter.ol.epicgames.com/. AppVersion = 4.27.2-18319896+++UE4+Release-4.27
[2022.11.08-05.04.15:988][  0]LogEngineSessionManager: EngineSessionManager initialized
[2022.11.08-05.04.15:988][  0]LogEditorSessionSummary: Verbose: Initializing EditorSessionSummaryWriter for editor session tracking
[2022.11.08-05.04.15:994][  0]LogEditorSessionSummary: EditorSessionSummaryWriter initialized
[2022.11.08-05.04.16:037][  0]LogInit: Transaction tracking system initialized
[2022.11.08-05.04.16:074][  0]BlueprintLog: New page: Editor Load
[2022.11.08-05.04.16:181][  0]LocalizationService: Localization service is disabled
[2022.11.08-05.04.16:223][  0]TimingProfiler: Initialize
[2022.11.08-05.04.16:223][  0]TimingProfiler: OnSessionChanged
[2022.11.08-05.04.16:223][  0]LoadingProfiler: Initialize
[2022.11.08-05.04.16:223][  0]LoadingProfiler: OnSessionChanged
[2022.11.08-05.04.16:223][  0]NetworkingProfiler: Initialize
[2022.11.08-05.04.16:223][  0]NetworkingProfiler: OnSessionChanged
[2022.11.08-05.04.16:223][  0]MemoryProfiler: Initialize
[2022.11.08-05.04.16:223][  0]MemoryProfiler: OnSessionChanged
[2022.11.08-05.04.16:314][  0]LogVSAccessor: Display: Unable to create Visual Studio setup instance: 80040154
[2022.11.08-05.04.16:315][  0]LogVSAccessor: Display: Unable to create Visual Studio setup instance: 80040154
[2022.11.08-05.04.16:316][  0]LogVSAccessor: Display: Unable to create Visual Studio setup instance: 80040154
[2022.11.08-05.04.16:509][  0]LogCook: Display: CookSettings for Memory: MemoryMaxUsedVirtual 0MiB, MemoryMaxUsedPhysical 16384MiB, MemoryMinFreeVirtual 0MiB, MemoryMinFreePhysical 1024MiB
[2022.11.08-05.04.16:509][  0]LogCook: Display: Mobile HDR setting 1
[2022.11.08-05.04.16:832][  0]LogFileCache: Scanning file cache for directory 'D:/Repository/NEWGAME/NEWGAME/Inspect/Content/' took 0.01s
[2022.11.08-05.04.17:280][  0]LogInit: Display: Engine is initialized. Leaving FEngineLoop::Init()
[2022.11.08-05.04.17:285][  0]SourceControl: Source control is disabled
[2022.11.08-05.04.17:421][  0]LogSlate: Took 0.000506 seconds to synchronously load lazily loaded font '../../../Engine/Content/Slate/Fonts/Roboto-Regular.ttf' (155K)
[2022.11.08-05.04.30:807][  0]LogSlate: Window 'Restore Packages' being destroyed
[2022.11.08-05.04.36:336][  0]LogSlate: Window 'Unable to Check Out From Source Control!' being destroyed
[2022.11.08-05.04.36:346][  0]Message dialog closed, result: Ok, title: Unable to Check Out From Source Control!, text: The following assets could not be successfully checked out from source control:
/Game/ThirdPersonBP/Blueprints/ThirdPersonCharacter
/Game/ThirdPersonBP/Maps/ThirdPersonExampleMap
[2022.11.08-05.04.36:407][  0]LogUnrealEdMisc: Loading editor; pre map load, took 75.041
[2022.11.08-05.04.36:408][  0]Cmd: MAP LOAD FILE="../../../../../Repository/NEWGAME/NEWGAME/Inspect/Content/ThirdPersonBP/Maps/ThirdPersonExampleMap.umap" TEMPLATE=0 SHOWPROGRESS=1 FEATURELEVEL=3
[2022.11.08-05.04.36:410][  0]LightingResults: New page: Lighting Build
[2022.11.08-05.04.36:412][  0]LogWorld: UWorld::CleanupWorld for Untitled, bSessionEnded=true, bCleanupResources=true
[2022.11.08-05.04.36:412][  0]LogSlate: InvalidateAllWidgets triggered.  All widgets were invalidated
[2022.11.08-05.04.36:412][  0]MapCheck: New page: Map Check
[2022.11.08-05.04.36:412][  0]LightingResults: New page: Lighting Build
[2022.11.08-05.04.36:423][  0]LogAudio: Display: Audio Device unregistered from world 'None'.
[2022.11.08-05.04.36:428][  0]LogUObjectHash: Compacting FUObjectHashTables data took   1.60ms
[2022.11.08-05.04.37:008][  0]LogAudio: Display: Audio Device (ID: 1) registered with world 'ThirdPersonExampleMap'.
[2022.11.08-05.04.37:011][  0]LogAIModule: Creating AISystem for world ThirdPersonExampleMap
[2022.11.08-05.04.37:024][  0]LogEditorServer: Finished looking for orphan Actors (0.000 secs)
[2022.11.08-05.04.37:038][  0]LogUObjectHash: Compacting FUObjectHashTables data took   1.20ms
[2022.11.08-05.04.37:038][  0]Cmd: MAP CHECKDEP NOCLEARLOG
[2022.11.08-05.04.37:038][  0]MapCheck: Map check complete: 0 Error(s), 0 Warning(s), took 0.117ms to complete.
[2022.11.08-05.04.37:038][  0]LogFileHelpers: Loading map 'ThirdPersonExampleMap' took 0.630
[2022.11.08-05.04.37:042][  0]LogUnrealEdMisc: Total Editor Startup Time, took 75.676
[2022.11.08-05.04.37:148][  0]LogSlate: Updating window title bar state: overlay mode, drag disabled, window buttons hidden, title bar hidden
[2022.11.08-05.04.37:162][  0]LogSlate: Updating window title bar state: overlay mode, drag disabled, window buttons hidden, title bar hidden
[2022.11.08-05.04.37:176][  0]LogSlate: Updating window title bar state: overlay mode, drag disabled, window buttons hidden, title bar hidden
[2022.11.08-05.04.37:190][  0]LogSlate: Updating window title bar state: overlay mode, drag disabled, window buttons hidden, title bar hidden
[2022.11.08-05.04.37:221][  0]LogNativeClassHierarchy: Verbose: Native class hierarchy populated in 0.0232 seconds. Added 3833 classes and 935 folders.
[2022.11.08-05.04.37:227][  0]LogNativeClassHierarchy: Verbose: Native class hierarchy updated for 'WidgetCarousel' in 0.0006 seconds. Added 0 classes and 0 folders.
[2022.11.08-05.04.37:232][  0]LogPakFile: PakFile PrimaryIndexSize=187
[2022.11.08-05.04.37:232][  0]LogPakFile: PakFile PathHashIndexSize=101
[2022.11.08-05.04.37:232][  0]LogPakFile: PakFile FullDirectoryIndexSize=148
[2022.11.08-05.04.37:232][  0]LogShaderLibrary: Display: ShaderCodeLibraryPakFileMountedCallback: PakFile 'D:/Unreal/UE_4.27/FeaturePacks/FP_FirstPerson.upack' (chunk index -1, root 'root:/') mounted
[2022.11.08-05.04.37:232][  0]LogShaderLibrary: Display: ShaderCodeLibraryPakFileMountedCallback: pending pak file info (ChunkID:-1 Root:root:/ File:D:/Unreal/UE_4.27/FeaturePacks/FP_FirstPerson.upack)
[2022.11.08-05.04.37:232][  0]LogPakFile: OnPakFileMounted2Time == 0.000122
[2022.11.08-05.04.37:235][  0]LogPakFile: PakFile PrimaryIndexSize=189
[2022.11.08-05.04.37:235][  0]LogPakFile: PakFile PathHashIndexSize=101
[2022.11.08-05.04.37:235][  0]LogPakFile: PakFile FullDirectoryIndexSize=152
[2022.11.08-05.04.37:235][  0]LogShaderLibrary: Display: ShaderCodeLibraryPakFileMountedCallback: PakFile 'D:/Unreal/UE_4.27/FeaturePacks/FP_FirstPersonBP.upack' (chunk index -1, root 'root:/') mounted
[2022.11.08-05.04.37:235][  0]LogShaderLibrary: Display: ShaderCodeLibraryPakFileMountedCallback: pending pak file info (ChunkID:-1 Root:root:/ File:D:/Unreal/UE_4.27/FeaturePacks/FP_FirstPersonBP.upack)
[2022.11.08-05.04.37:235][  0]LogPakFile: OnPakFileMounted2Time == 0.000132
[2022.11.08-05.04.37:238][  0]LogPakFile: PakFile PrimaryIndexSize=191
[2022.11.08-05.04.37:238][  0]LogPakFile: PakFile PathHashIndexSize=101
[2022.11.08-05.04.37:238][  0]LogPakFile: PakFile FullDirectoryIndexSize=160
[2022.11.08-05.04.37:238][  0]LogShaderLibrary: Display: ShaderCodeLibraryPakFileMountedCallback: PakFile 'D:/Unreal/UE_4.27/FeaturePacks/MobileStarterContent.upack' (chunk index -1, root 'root:/') mounted
[2022.11.08-05.04.37:238][  0]LogShaderLibrary: Display: ShaderCodeLibraryPakFileMountedCallback: pending pak file info (ChunkID:-1 Root:root:/ File:D:/Unreal/UE_4.27/FeaturePacks/MobileStarterContent.upack)
[2022.11.08-05.04.37:238][  0]LogPakFile: OnPakFileMounted2Time == 0.000091
[2022.11.08-05.04.37:241][  0]LogPakFile: PakFile PrimaryIndexSize=185
[2022.11.08-05.04.37:241][  0]LogPakFile: PakFile PathHashIndexSize=101
[2022.11.08-05.04.37:241][  0]LogPakFile: PakFile FullDirectoryIndexSize=148
[2022.11.08-05.04.37:241][  0]LogShaderLibrary: Display: ShaderCodeLibraryPakFileMountedCallback: PakFile 'D:/Unreal/UE_4.27/FeaturePacks/StarterContent.upack' (chunk index -1, root 'root:/') mounted
[2022.11.08-05.04.37:241][  0]LogShaderLibrary: Display: ShaderCodeLibraryPakFileMountedCallback: pending pak file info (ChunkID:-1 Root:root:/ File:D:/Unreal/UE_4.27/FeaturePacks/StarterContent.upack)
[2022.11.08-05.04.37:241][  0]LogPakFile: OnPakFileMounted2Time == 0.000076
[2022.11.08-05.04.37:243][  0]LogPakFile: PakFile PrimaryIndexSize=190
[2022.11.08-05.04.37:243][  0]LogPakFile: PakFile PathHashIndexSize=101
[2022.11.08-05.04.37:243][  0]LogPakFile: PakFile FullDirectoryIndexSize=154
[2022.11.08-05.04.37:244][  0]LogShaderLibrary: Display: ShaderCodeLibraryPakFileMountedCallback: PakFile 'D:/Unreal/UE_4.27/FeaturePacks/TP_2DSideScroller.upack' (chunk index -1, root 'root:/') mounted
[2022.11.08-05.04.37:244][  0]LogShaderLibrary: Display: ShaderCodeLibraryPakFileMountedCallback: pending pak file info (ChunkID:-1 Root:root:/ File:D:/Unreal/UE_4.27/FeaturePacks/TP_2DSideScroller.upack)
[2022.11.08-05.04.37:244][  0]LogPakFile: OnPakFileMounted2Time == 0.000092
[2022.11.08-05.04.37:246][  0]LogPakFile: PakFile PrimaryIndexSize=192
[2022.11.08-05.04.37:246][  0]LogPakFile: PakFile PathHashIndexSize=101
[2022.11.08-05.04.37:246][  0]LogPakFile: PakFile FullDirectoryIndexSize=158
[2022.11.08-05.04.37:246][  0]LogShaderLibrary: Display: ShaderCodeLibraryPakFileMountedCallback: PakFile 'D:/Unreal/UE_4.27/FeaturePacks/TP_2DSideScrollerBP.upack' (chunk index -1, root 'root:/') mounted
[2022.11.08-05.04.37:246][  0]LogShaderLibrary: Display: ShaderCodeLibraryPakFileMountedCallback: pending pak file info (ChunkID:-1 Root:root:/ File:D:/Unreal/UE_4.27/FeaturePacks/TP_2DSideScrollerBP.upack)
[2022.11.08-05.04.37:246][  0]LogPakFile: OnPakFileMounted2Time == 0.000122
[2022.11.08-05.04.37:249][  0]LogPakFile: PakFile PrimaryIndexSize=182
[2022.11.08-05.04.37:249][  0]LogPakFile: PakFile PathHashIndexSize=101
[2022.11.08-05.04.37:249][  0]LogPakFile: PakFile FullDirectoryIndexSize=138
[2022.11.08-05.04.37:249][  0]LogShaderLibrary: Display: ShaderCodeLibraryPakFileMountedCallback: PakFile 'D:/Unreal/UE_4.27/FeaturePacks/TP_Flying.upack' (chunk index -1, root 'root:/') mounted
[2022.11.08-05.04.37:249][  0]LogShaderLibrary: Display: ShaderCodeLibraryPakFileMountedCallback: pending pak file info (ChunkID:-1 Root:root:/ File:D:/Unreal/UE_4.27/FeaturePacks/TP_Flying.upack)
[2022.11.08-05.04.37:249][  0]LogPakFile: OnPakFileMounted2Time == 0.000094
[2022.11.08-05.04.37:252][  0]LogPakFile: PakFile PrimaryIndexSize=184
[2022.11.08-05.04.37:252][  0]LogPakFile: PakFile PathHashIndexSize=101
[2022.11.08-05.04.37:252][  0]LogPakFile: PakFile FullDirectoryIndexSize=142
[2022.11.08-05.04.37:252][  0]LogShaderLibrary: Display: ShaderCodeLibraryPakFileMountedCallback: PakFile 'D:/Unreal/UE_4.27/FeaturePacks/TP_FlyingBP.upack' (chunk index -1, root 'root:/') mounted
[2022.11.08-05.04.37:252][  0]LogShaderLibrary: Display: ShaderCodeLibraryPakFileMountedCallback: pending pak file info (ChunkID:-1 Root:root:/ File:D:/Unreal/UE_4.27/FeaturePacks/TP_FlyingBP.upack)
[2022.11.08-05.04.37:252][  0]LogPakFile: OnPakFileMounted2Time == 0.000098
[2022.11.08-05.04.37:254][  0]LogPakFile: PakFile PrimaryIndexSize=188
[2022.11.08-05.04.37:254][  0]LogPakFile: PakFile PathHashIndexSize=101
[2022.11.08-05.04.37:254][  0]LogPakFile: PakFile FullDirectoryIndexSize=150
[2022.11.08-05.04.37:254][  0]LogShaderLibrary: Display: ShaderCodeLibraryPakFileMountedCallback: PakFile 'D:/Unreal/UE_4.27/FeaturePacks/TP_HandheldARBP.upack' (chunk index -1, root 'root:/') mounted
[2022.11.08-05.04.37:254][  0]LogShaderLibrary: Display: ShaderCodeLibraryPakFileMountedCallback: pending pak file info (ChunkID:-1 Root:root:/ File:D:/Unreal/UE_4.27/FeaturePacks/TP_HandheldARBP.upack)
[2022.11.08-05.04.37:254][  0]LogPakFile: OnPakFileMounted2Time == 0.000071
[2022.11.08-05.04.37:257][  0]LogPakFile: PakFile PrimaryIndexSize=182
[2022.11.08-05.04.37:257][  0]LogPakFile: PakFile PathHashIndexSize=101
[2022.11.08-05.04.37:257][  0]LogPakFile: PakFile FullDirectoryIndexSize=138
[2022.11.08-05.04.37:257][  0]LogShaderLibrary: Display: ShaderCodeLibraryPakFileMountedCallback: PakFile 'D:/Unreal/UE_4.27/FeaturePacks/TP_Puzzle.upack' (chunk index -1, root 'root:/') mounted
[2022.11.08-05.04.37:257][  0]LogShaderLibrary: Display: ShaderCodeLibraryPakFileMountedCallback: pending pak file info (ChunkID:-1 Root:root:/ File:D:/Unreal/UE_4.27/FeaturePacks/TP_Puzzle.upack)
[2022.11.08-05.04.37:257][  0]LogPakFile: OnPakFileMounted2Time == 0.000081
[2022.11.08-05.04.37:260][  0]LogPakFile: PakFile PrimaryIndexSize=184
[2022.11.08-05.04.37:260][  0]LogPakFile: PakFile PathHashIndexSize=101
[2022.11.08-05.04.37:260][  0]LogPakFile: PakFile FullDirectoryIndexSize=142
[2022.11.08-05.04.37:260][  0]LogShaderLibrary: Display: ShaderCodeLibraryPakFileMountedCallback: PakFile 'D:/Unreal/UE_4.27/FeaturePacks/TP_PuzzleBP.upack' (chunk index -1, root 'root:/') mounted
[2022.11.08-05.04.37:260][  0]LogShaderLibrary: Display: ShaderCodeLibraryPakFileMountedCallback: pending pak file info (ChunkID:-1 Root:root:/ File:D:/Unreal/UE_4.27/FeaturePacks/TP_PuzzleBP.upack)
[2022.11.08-05.04.37:260][  0]LogPakFile: OnPakFileMounted2Time == 0.000079
[2022.11.08-05.04.37:262][  0]LogPakFile: PakFile PrimaryIndexSize=183
[2022.11.08-05.04.37:262][  0]LogPakFile: PakFile PathHashIndexSize=101
[2022.11.08-05.04.37:262][  0]LogPakFile: PakFile FullDirectoryIndexSize=140
[2022.11.08-05.04.37:262][  0]LogShaderLibrary: Display: ShaderCodeLibraryPakFileMountedCallback: PakFile 'D:/Unreal/UE_4.27/FeaturePacks/TP_Rolling.upack' (chunk index -1, root 'root:/') mounted
[2022.11.08-05.04.37:262][  0]LogShaderLibrary: Display: ShaderCodeLibraryPakFileMountedCallback: pending pak file info (ChunkID:-1 Root:root:/ File:D:/Unreal/UE_4.27/FeaturePacks/TP_Rolling.upack)
[2022.11.08-05.04.37:263][  0]LogPakFile: OnPakFileMounted2Time == 0.000087
[2022.11.08-05.04.37:265][  0]LogPakFile: PakFile PrimaryIndexSize=185
[2022.11.08-05.04.37:265][  0]LogPakFile: PakFile PathHashIndexSize=101
[2022.11.08-05.04.37:265][  0]LogPakFile: PakFile FullDirectoryIndexSize=144
[2022.11.08-05.04.37:265][  0]LogShaderLibrary: Display: ShaderCodeLibraryPakFileMountedCallback: PakFile 'D:/Unreal/UE_4.27/FeaturePacks/TP_RollingBP.upack' (chunk index -1, root 'root:/') mounted
[2022.11.08-05.04.37:265][  0]LogShaderLibrary: Display: ShaderCodeLibraryPakFileMountedCallback: pending pak file info (ChunkID:-1 Root:root:/ File:D:/Unreal/UE_4.27/FeaturePacks/TP_RollingBP.upack)
[2022.11.08-05.04.37:265][  0]LogPakFile: OnPakFileMounted2Time == 0.000171
[2022.11.08-05.04.37:268][  0]LogPakFile: PakFile PrimaryIndexSize=188
[2022.11.08-05.04.37:268][  0]LogPakFile: PakFile PathHashIndexSize=101
[2022.11.08-05.04.37:268][  0]LogPakFile: PakFile FullDirectoryIndexSize=150
[2022.11.08-05.04.37:268][  0]LogShaderLibrary: Display: ShaderCodeLibraryPakFileMountedCallback: PakFile 'D:/Unreal/UE_4.27/FeaturePacks/TP_SideScroller.upack' (chunk index -1, root 'root:/') mounted
[2022.11.08-05.04.37:268][  0]LogShaderLibrary: Display: ShaderCodeLibraryPakFileMountedCallback: pending pak file info (ChunkID:-1 Root:root:/ File:D:/Unreal/UE_4.27/FeaturePacks/TP_SideScroller.upack)
[2022.11.08-05.04.37:268][  0]LogPakFile: OnPakFileMounted2Time == 0.000076
[2022.11.08-05.04.37:271][  0]LogPakFile: PakFile PrimaryIndexSize=190
[2022.11.08-05.04.37:271][  0]LogPakFile: PakFile PathHashIndexSize=101
[2022.11.08-05.04.37:271][  0]LogPakFile: PakFile FullDirectoryIndexSize=154
[2022.11.08-05.04.37:271][  0]LogShaderLibrary: Display: ShaderCodeLibraryPakFileMountedCallback: PakFile 'D:/Unreal/UE_4.27/FeaturePacks/TP_SideScrollerBP.upack' (chunk index -1, root 'root:/') mounted
[2022.11.08-05.04.37:271][  0]LogShaderLibrary: Display: ShaderCodeLibraryPakFileMountedCallback: pending pak file info (ChunkID:-1 Root:root:/ File:D:/Unreal/UE_4.27/FeaturePacks/TP_SideScrollerBP.upack)
[2022.11.08-05.04.37:271][  0]LogPakFile: OnPakFileMounted2Time == 0.000074
[2022.11.08-05.04.37:273][  0]LogPakFile: PakFile PrimaryIndexSize=187
[2022.11.08-05.04.37:273][  0]LogPakFile: PakFile PathHashIndexSize=101
[2022.11.08-05.04.37:273][  0]LogPakFile: PakFile FullDirectoryIndexSize=148
[2022.11.08-05.04.37:273][  0]LogShaderLibrary: Display: ShaderCodeLibraryPakFileMountedCallback: PakFile 'D:/Unreal/UE_4.27/FeaturePacks/TP_ThirdPerson.upack' (chunk index -1, root 'root:/') mounted
[2022.11.08-05.04.37:273][  0]LogShaderLibrary: Display: ShaderCodeLibraryPakFileMountedCallback: pending pak file info (ChunkID:-1 Root:root:/ File:D:/Unreal/UE_4.27/FeaturePacks/TP_ThirdPerson.upack)
[2022.11.08-05.04.37:273][  0]LogPakFile: OnPakFileMounted2Time == 0.000052
[2022.11.08-05.04.37:275][  0]LogPakFile: PakFile PrimaryIndexSize=189
[2022.11.08-05.04.37:275][  0]LogPakFile: PakFile PathHashIndexSize=101
[2022.11.08-05.04.37:275][  0]LogPakFile: PakFile FullDirectoryIndexSize=152
[2022.11.08-05.04.37:275][  0]LogShaderLibrary: Display: ShaderCodeLibraryPakFileMountedCallback: PakFile 'D:/Unreal/UE_4.27/FeaturePacks/TP_ThirdPersonBP.upack' (chunk index -1, root 'root:/') mounted
[2022.11.08-05.04.37:275][  0]LogShaderLibrary: Display: ShaderCodeLibraryPakFileMountedCallback: pending pak file info (ChunkID:-1 Root:root:/ File:D:/Unreal/UE_4.27/FeaturePacks/TP_ThirdPersonBP.upack)
[2022.11.08-05.04.37:275][  0]LogPakFile: OnPakFileMounted2Time == 0.000079
[2022.11.08-05.04.37:278][  0]LogPakFile: PakFile PrimaryIndexSize=183
[2022.11.08-05.04.37:278][  0]LogPakFile: PakFile PathHashIndexSize=101
[2022.11.08-05.04.37:278][  0]LogPakFile: PakFile FullDirectoryIndexSize=140
[2022.11.08-05.04.37:278][  0]LogShaderLibrary: Display: ShaderCodeLibraryPakFileMountedCallback: PakFile 'D:/Unreal/UE_4.27/FeaturePacks/TP_TopDown.upack' (chunk index -1, root 'root:/') mounted
[2022.11.08-05.04.37:278][  0]LogShaderLibrary: Display: ShaderCodeLibraryPakFileMountedCallback: pending pak file info (ChunkID:-1 Root:root:/ File:D:/Unreal/UE_4.27/FeaturePacks/TP_TopDown.upack)
[2022.11.08-05.04.37:278][  0]LogPakFile: OnPakFileMounted2Time == 0.000089
[2022.11.08-05.04.37:281][  0]LogPakFile: PakFile PrimaryIndexSize=185
[2022.11.08-05.04.37:281][  0]LogPakFile: PakFile PathHashIndexSize=101
[2022.11.08-05.04.37:281][  0]LogPakFile: PakFile FullDirectoryIndexSize=144
[2022.11.08-05.04.37:281][  0]LogShaderLibrary: Display: ShaderCodeLibraryPakFileMountedCallback: PakFile 'D:/Unreal/UE_4.27/FeaturePacks/TP_TopDownBP.upack' (chunk index -1, root 'root:/') mounted
[2022.11.08-05.04.37:282][  0]LogShaderLibrary: Display: ShaderCodeLibraryPakFileMountedCallback: pending pak file info (ChunkID:-1 Root:root:/ File:D:/Unreal/UE_4.27/FeaturePacks/TP_TopDownBP.upack)
[2022.11.08-05.04.37:282][  0]LogPakFile: OnPakFileMounted2Time == 0.000097
[2022.11.08-05.04.37:284][  0]LogPakFile: PakFile PrimaryIndexSize=185
[2022.11.08-05.04.37:284][  0]LogPakFile: PakFile PathHashIndexSize=101
[2022.11.08-05.04.37:284][  0]LogPakFile: PakFile FullDirectoryIndexSize=144
[2022.11.08-05.04.37:284][  0]LogShaderLibrary: Display: ShaderCodeLibraryPakFileMountedCallback: PakFile 'D:/Unreal/UE_4.27/FeaturePacks/TP_TwinStick.upack' (chunk index -1, root 'root:/') mounted
[2022.11.08-05.04.37:284][  0]LogShaderLibrary: Display: ShaderCodeLibraryPakFileMountedCallback: pending pak file info (ChunkID:-1 Root:root:/ File:D:/Unreal/UE_4.27/FeaturePacks/TP_TwinStick.upack)
[2022.11.08-05.04.37:284][  0]LogPakFile: OnPakFileMounted2Time == 0.000081
[2022.11.08-05.04.37:286][  0]LogPakFile: PakFile PrimaryIndexSize=187
[2022.11.08-05.04.37:286][  0]LogPakFile: PakFile PathHashIndexSize=101
[2022.11.08-05.04.37:286][  0]LogPakFile: PakFile FullDirectoryIndexSize=148
[2022.11.08-05.04.37:286][  0]LogShaderLibrary: Display: ShaderCodeLibraryPakFileMountedCallback: PakFile 'D:/Unreal/UE_4.27/FeaturePacks/TP_TwinStickBP.upack' (chunk index -1, root 'root:/') mounted
[2022.11.08-05.04.37:286][  0]LogShaderLibrary: Display: ShaderCodeLibraryPakFileMountedCallback: pending pak file info (ChunkID:-1 Root:root:/ File:D:/Unreal/UE_4.27/FeaturePacks/TP_TwinStickBP.upack)
[2022.11.08-05.04.37:286][  0]LogPakFile: OnPakFileMounted2Time == 0.000078
[2022.11.08-05.04.37:289][  0]LogPakFile: PakFile PrimaryIndexSize=183
[2022.11.08-05.04.37:289][  0]LogPakFile: PakFile PathHashIndexSize=101
[2022.11.08-05.04.37:289][  0]LogPakFile: PakFile FullDirectoryIndexSize=140
[2022.11.08-05.04.37:289][  0]LogShaderLibrary: Display: ShaderCodeLibraryPakFileMountedCallback: PakFile 'D:/Unreal/UE_4.27/FeaturePacks/TP_Vehicle.upack' (chunk index -1, root 'root:/') mounted
[2022.11.08-05.04.37:289][  0]LogShaderLibrary: Display: ShaderCodeLibraryPakFileMountedCallback: pending pak file info (ChunkID:-1 Root:root:/ File:D:/Unreal/UE_4.27/FeaturePacks/TP_Vehicle.upack)
[2022.11.08-05.04.37:289][  0]LogPakFile: OnPakFileMounted2Time == 0.000091
[2022.11.08-05.04.37:291][  0]LogPakFile: PakFile PrimaryIndexSize=186
[2022.11.08-05.04.37:291][  0]LogPakFile: PakFile PathHashIndexSize=101
[2022.11.08-05.04.37:291][  0]LogPakFile: PakFile FullDirectoryIndexSize=146
[2022.11.08-05.04.37:292][  0]LogShaderLibrary: Display: ShaderCodeLibraryPakFileMountedCallback: PakFile 'D:/Unreal/UE_4.27/FeaturePacks/TP_VehicleAdv.upack' (chunk index -1, root 'root:/') mounted
[2022.11.08-05.04.37:292][  0]LogShaderLibrary: Display: ShaderCodeLibraryPakFileMountedCallback: pending pak file info (ChunkID:-1 Root:root:/ File:D:/Unreal/UE_4.27/FeaturePacks/TP_VehicleAdv.upack)
[2022.11.08-05.04.37:292][  0]LogPakFile: OnPakFileMounted2Time == 0.000078
[2022.11.08-05.04.37:294][  0]LogPakFile: PakFile PrimaryIndexSize=188
[2022.11.08-05.04.37:294][  0]LogPakFile: PakFile PathHashIndexSize=101
[2022.11.08-05.04.37:294][  0]LogPakFile: PakFile FullDirectoryIndexSize=150
[2022.11.08-05.04.37:294][  0]LogShaderLibrary: Display: ShaderCodeLibraryPakFileMountedCallback: PakFile 'D:/Unreal/UE_4.27/FeaturePacks/TP_VehicleAdvBP.upack' (chunk index -1, root 'root:/') mounted
[2022.11.08-05.04.37:294][  0]LogShaderLibrary: Display: ShaderCodeLibraryPakFileMountedCallback: pending pak file info (ChunkID:-1 Root:root:/ File:D:/Unreal/UE_4.27/FeaturePacks/TP_VehicleAdvBP.upack)
[2022.11.08-05.04.37:294][  0]LogPakFile: OnPakFileMounted2Time == 0.000077
[2022.11.08-05.04.37:297][  0]LogPakFile: PakFile PrimaryIndexSize=185
[2022.11.08-05.04.37:297][  0]LogPakFile: PakFile PathHashIndexSize=101
[2022.11.08-05.04.37:297][  0]LogPakFile: PakFile FullDirectoryIndexSize=144
[2022.11.08-05.04.37:297][  0]LogShaderLibrary: Display: ShaderCodeLibraryPakFileMountedCallback: PakFile 'D:/Unreal/UE_4.27/FeaturePacks/TP_VehicleBP.upack' (chunk index -1, root 'root:/') mounted
[2022.11.08-05.04.37:297][  0]LogShaderLibrary: Display: ShaderCodeLibraryPakFileMountedCallback: pending pak file info (ChunkID:-1 Root:root:/ File:D:/Unreal/UE_4.27/FeaturePacks/TP_VehicleBP.upack)
[2022.11.08-05.04.37:297][  0]LogPakFile: OnPakFileMounted2Time == 0.000091
[2022.11.08-05.04.37:299][  0]LogPakFile: PakFile PrimaryIndexSize=192
[2022.11.08-05.04.37:299][  0]LogPakFile: PakFile PathHashIndexSize=101
[2022.11.08-05.04.37:299][  0]LogPakFile: PakFile FullDirectoryIndexSize=158
[2022.11.08-05.04.37:299][  0]LogShaderLibrary: Display: ShaderCodeLibraryPakFileMountedCallback: PakFile 'D:/Unreal/UE_4.27/FeaturePacks/TP_VirtualRealityBP.upack' (chunk index -1, root 'root:/') mounted
[2022.11.08-05.04.37:299][  0]LogShaderLibrary: Display: ShaderCodeLibraryPakFileMountedCallback: pending pak file info (ChunkID:-1 Root:root:/ File:D:/Unreal/UE_4.27/FeaturePacks/TP_VirtualRealityBP.upack)
[2022.11.08-05.04.37:299][  0]LogPakFile: OnPakFileMounted2Time == 0.000076
[2022.11.08-05.04.37:465][  0]LogNativeClassHierarchy: Verbose: Native class hierarchy updated for 'AddContentDialog' in 0.0006 seconds. Added 0 classes and 0 folders.
[2022.11.08-05.04.37:466][  0]LogNativeClassHierarchy: Verbose: Native class hierarchy updated for 'SceneOutliner' in 0.0002 seconds. Added 2 classes and 0 folders.
[2022.11.08-05.04.38:078][  0]LogSlate: Only BGRA pngs, bmps or icos are supported in by External Image Picker
[2022.11.08-05.04.38:201][  0]LogSlate: Took 0.000591 seconds to synchronously load lazily loaded font '../../../Engine/Content/Editor/Slate/Fonts/FontAwesome.ttf' (139K)
[2022.11.08-05.04.38:202][  0]LogSlate: Took 0.000388 seconds to synchronously load lazily loaded font '../../../Engine/Content/Slate/Fonts/Roboto-Bold.ttf' (160K)
[2022.11.08-05.04.38:287][  0]LogRenderer: Reallocating scene render targets to support 1208x560 Format 9 NumSamples 1 (Frame:1).
[2022.11.08-05.04.38:444][  0]LogNativeClassHierarchy: Verbose: Native class hierarchy updated for 'HierarchicalLODOutliner' in 0.0003 seconds. Added 0 classes and 0 folders.
[2022.11.08-05.04.38:445][  0]LogInput: Warning: Action Jump uses invalid key OculusGo_Left_Trigger_Click.
[2022.11.08-05.04.38:445][  0]LogInput: Warning: Action ResetVR uses invalid key OculusGo_Left_Trackpad_Click.
[2022.11.08-05.04.38:445][  0]LogInput: Warning: Use -RemoveInvalidKeys to remove instances of these keys from the action mapping.
[2022.11.08-05.04.38:445][  0]LogLoad: (Engine Initialization) Total time: 77.08 seconds
[2022.11.08-05.04.38:445][  0]LogLoad: (Engine Initialization) Total Blueprint compile time: 0.00 seconds
[2022.11.08-05.04.38:561][  0]LogContentStreaming: Texture pool size now 800 MB
[2022.11.08-05.04.38:580][  1]LogAssetRegistry: Asset discovery search completed in 28.2617 seconds
[2022.11.08-05.04.38:591][  1]LogCollectionManager: Fixed up redirectors for 0 collections in 0.000004 seconds (updated 0 objects)
[2022.11.08-05.04.38:672][  2]LogSlate: Took 0.000481 seconds to synchronously load lazily loaded font '../../../Engine/Content/Slate/Fonts/Roboto-Light.ttf' (167K)
[2022.11.08-05.05.11:496][ 54]LogContentBrowser: Deferred new asset file creation: NewMaterial
[2022.11.08-05.05.11:510][ 54]LogContentBrowser: Creating deferred item: NewMaterial
[2022.11.08-05.05.16:244][600]LogContentBrowser: Attempting asset rename: NewMaterial -> ELI
[2022.11.08-05.05.16:244][600]LogContentBrowser: End creating deferred item NewMaterial
